\BOOKMARK [0][-]{chapter*.1}{\376\377\000R\000\351\000s\000u\000m\000\351}{}% 1
\BOOKMARK [0][-]{chapter*.1}{\376\377\000A\000b\000s\000t\000r\000a\000c\000t}{}% 2
\BOOKMARK [0][-]{chapter*.2}{\376\377\000D\000\351\000d\000i\000c\000a\000c\000e\000s}{}% 3
\BOOKMARK [0][-]{chapter*.3}{\376\377\000R\000e\000m\000e\000r\000c\000i\000e\000m\000e\000n\000t\000s}{}% 4
\BOOKMARK [0][-]{chapter*.4}{\376\377\000P\000r\000\351\000s\000e\000n\000t\000a\000t\000i\000o\000n\000\040\000d\000e\000\040\000l\000'\000E\000N\000I\000-\000A\000B\000T}{}% 5
\BOOKMARK [0][-]{chapter*.5}{\376\377\000S\000i\000g\000l\000e\000s\000\040\000e\000t\000\040\000a\000b\000r\000\351\000v\000i\000a\000t\000i\000o\000n\000s}{}% 6
\BOOKMARK [0][-]{chapter*.5}{\376\377\000L\000i\000s\000t\000e\000\040\000d\000e\000s\000\040\000f\000i\000g\000u\000r\000e\000s}{}% 7
\BOOKMARK [0][-]{chapter*.5}{\376\377\000L\000i\000s\000t\000e\000\040\000d\000e\000s\000\040\000t\000a\000b\000l\000e\000a\000u\000x}{}% 8
\BOOKMARK [0][-]{chapter*.6}{\376\377\000I\000n\000t\000r\000o\000d\000u\000c\000t\000i\000o\000n\000\040\000G\000\351\000n\000\351\000r\000a\000l\000e}{}% 9
\BOOKMARK [0][-]{chapter.1}{\376\377\000\311\000t\000a\000t\000\040\000d\000e\000\040\000l\000'\000a\000r\000t\000\040\000e\000t\000\040\000R\000e\000v\000u\000e\000\040\000d\000e\000\040\000l\000a\000\040\000L\000i\000t\000t\000\351\000r\000a\000t\000u\000r\000e}{}% 10
\BOOKMARK [1][-]{section.1.1}{\376\377\000G\000\351\000n\000\351\000r\000a\000l\000i\000t\000\351\000s\000\040\000s\000u\000r\000\040\000l\000a\000\040\000C\000o\000m\000m\000a\000n\000d\000e\000\040\000N\000u\000m\000\351\000r\000i\000q\000u\000e\000\040\000p\000a\000r\000\040\000C\000a\000l\000c\000u\000l\000a\000t\000e\000u\000r\000\040\000\050\000C\000N\000C\000\051}{chapter.1}% 11
\BOOKMARK [2][-]{subsection.1.1.1}{\376\377\000P\000r\000i\000n\000c\000i\000p\000e\000\040\000d\000'\000a\000s\000s\000e\000r\000v\000i\000s\000s\000e\000m\000e\000n\000t\000\040\000d\000'\000u\000n\000\040\000s\000y\000s\000t\000\350\000m\000e\000\040\000C\000N\000C}{section.1.1}% 12
\BOOKMARK [1][-]{section.1.2}{\376\377\000C\000l\000a\000s\000s\000i\000f\000i\000c\000a\000t\000i\000o\000n\000\040\000A\000r\000c\000h\000i\000t\000e\000c\000t\000u\000r\000a\000l\000e\000\040\000d\000e\000s\000\040\000M\000a\000c\000h\000i\000n\000e\000s\000\040\000C\000N\000C\000\040\0005\000\040\000A\000x\000e\000s}{chapter.1}% 13
\BOOKMARK [2][-]{subsection.1.2.1}{\376\377\000C\000o\000n\000f\000i\000g\000u\000r\000a\000t\000i\000o\000n\000\040\000"\000T\000a\000b\000l\000e\000-\000T\000a\000b\000l\000e\000"\000\040\000\050\000T\000r\000u\000n\000n\000i\000o\000n\000\040\000T\000a\000b\000l\000e\000\040\000o\000u\000\040\000T\000a\000b\000l\000e\000\040\000B\000a\000s\000c\000u\000l\000a\000n\000t\000e\000\051}{section.1.2}% 14
\BOOKMARK [2][-]{subsection.1.2.2}{\376\377\000C\000o\000n\000f\000i\000g\000u\000r\000a\000t\000i\000o\000n\000\040\000"\000H\000e\000a\000d\000-\000H\000e\000a\000d\000"\000\040\000\050\000T\000\352\000t\000e\000\040\000P\000i\000v\000o\000t\000a\000n\000t\000e\000\040\000o\000u\000\040\000B\000i\000-\000R\000o\000t\000a\000t\000i\000v\000e\000\051}{section.1.2}% 15
\BOOKMARK [2][-]{subsection.1.2.3}{\376\377\000C\000o\000n\000f\000i\000g\000u\000r\000a\000t\000i\000o\000n\000\040\000"\000H\000e\000a\000d\000-\000T\000a\000b\000l\000e\000"\000\040\000\050\000H\000y\000b\000r\000i\000d\000e\000\051}{section.1.2}% 16
\BOOKMARK [1][-]{section.1.3}{\376\377\000P\000r\000o\000b\000l\000\351\000m\000a\000t\000i\000q\000u\000e\000s\000\040\000A\000v\000a\000n\000c\000\351\000e\000s\000\040\000:\000\040\000S\000i\000n\000g\000u\000l\000a\000r\000i\000t\000\351\000s\000\040\000e\000t\000\040\000T\000C\000P}{chapter.1}% 17
\BOOKMARK [2][-]{subsection.1.3.1}{\376\377\000L\000e\000s\000\040\000S\000i\000n\000g\000u\000l\000a\000r\000i\000t\000\351\000s\000\040\000C\000i\000n\000\351\000m\000a\000t\000i\000q\000u\000e\000s\000\040\000\050\000G\000i\000m\000b\000a\000l\000\040\000L\000o\000c\000k\000\051}{section.1.3}% 18
\BOOKMARK [2][-]{subsection.1.3.2}{\376\377\000L\000e\000\040\000C\000o\000n\000c\000e\000p\000t\000\040\000d\000e\000\040\000T\000C\000P\000\040\000\050\000T\000o\000o\000l\000\040\000C\000e\000n\000t\000e\000r\000\040\000P\000o\000i\000n\000t\000\040\000C\000o\000n\000t\000r\000o\000l\000\051}{section.1.3}% 19
\BOOKMARK [1][-]{section.1.4}{\376\377\000L\000'\000\311\000c\000o\000s\000y\000s\000t\000\350\000m\000e\000\040\000L\000o\000g\000i\000c\000i\000e\000l\000\040\000e\000t\000\040\000l\000e\000\040\000L\000a\000n\000g\000a\000g\000e\000\040\000G\000-\000C\000o\000d\000e\000\040\0005\000\040\000A\000x\000e\000s}{chapter.1}% 20
\BOOKMARK [2][-]{subsection.1.4.1}{\376\377\000L\000a\000\040\000C\000h\000a\000\356\000n\000e\000\040\000N\000u\000m\000\351\000r\000i\000q\000u\000e\000\040\0005\000\040\000A\000x\000e\000s}{section.1.4}% 21
\BOOKMARK [2][-]{subsection.1.4.2}{\376\377\000L\000e\000\040\000L\000a\000n\000g\000a\000g\000e\000\040\000G\000-\000C\000o\000d\000e\000\040\000\050\000N\000o\000r\000m\000e\000\040\000I\000S\000O\000\040\0006\0009\0008\0003\000\051}{section.1.4}% 22
\BOOKMARK [1][-]{section.1.5}{\376\377\000\311\000t\000a\000t\000\040\000d\000e\000\040\000l\000'\000a\000r\000t\000\040\000d\000e\000\040\000l\000'\000U\000n\000i\000t\000\351\000\040\000d\000e\000\040\000T\000r\000a\000i\000t\000e\000m\000e\000n\000t\000\040\000L\000o\000g\000i\000c\000i\000e\000l\000\040\000\050\000L\000e\000\040\000C\000h\000o\000i\000x\000\040\000d\000u\000\040\000C\000e\000r\000v\000e\000a\000u\000\051}{chapter.1}% 23
\BOOKMARK [1][-]{section.1.6}{\376\377\000C\000o\000n\000c\000l\000u\000s\000i\000o\000n\000\040\000d\000u\000\040\000c\000h\000a\000p\000i\000t\000r\000e}{chapter.1}% 24
\BOOKMARK [0][-]{chapter.2}{\376\377\000\311\000t\000u\000d\000e\000\040\000T\000e\000c\000h\000n\000i\000q\000u\000e\000\040\000e\000t\000\040\000D\000i\000m\000e\000n\000s\000i\000o\000n\000n\000e\000m\000e\000n\000t\000\040\000M\000\351\000c\000a\000n\000i\000q\000u\000e\000\040\000\050\000R\000D\000M\000\051}{}% 25
\BOOKMARK [1][-]{section.2.1}{\376\377\000A\000n\000a\000l\000y\000s\000e\000\040\000F\000o\000n\000c\000t\000i\000o\000n\000n\000e\000l\000l\000e\000\040\000d\000u\000\040\000B\000e\000s\000o\000i\000n\000\040\000\050\000A\000F\000B\000\051}{chapter.2}% 26
\BOOKMARK [2][-]{subsection.2.1.1}{\376\377\000S\000a\000i\000s\000i\000e\000\040\000d\000u\000\040\000b\000e\000s\000o\000i\000n\000\040\000e\000t\000\040\000G\000r\000a\000p\000h\000e\000\040\000d\000e\000s\000\040\000i\000n\000t\000e\000r\000a\000c\000t\000i\000o\000n\000s}{section.2.1}% 27
\BOOKMARK [2][-]{subsection.2.1.2}{\376\377\000A\000r\000b\000o\000r\000e\000s\000c\000e\000n\000c\000e\000\040\000t\000e\000c\000h\000n\000i\000q\000u\000e\000\040\000\050\000D\000i\000a\000g\000r\000a\000m\000m\000e\000\040\000F\000A\000S\000T\000\051}{section.2.1}% 28
\BOOKMARK [2][-]{subsection.2.1.3}{\376\377\000J\000u\000s\000t\000i\000f\000i\000c\000a\000t\000i\000o\000n\000\040\000d\000e\000s\000\040\000S\000o\000l\000u\000t\000i\000o\000n\000s\000\040\000T\000e\000c\000h\000n\000o\000l\000o\000g\000i\000q\000u\000e\000s}{section.2.1}% 29
\BOOKMARK [2][-]{subsection.2.1.4}{\376\377\000C\000a\000h\000i\000e\000r\000\040\000d\000e\000s\000\040\000C\000h\000a\000r\000g\000e\000s\000\040\000Q\000u\000a\000l\000i\000t\000a\000t\000i\000f\000\040\000e\000t\000\040\000Q\000u\000a\000n\000t\000i\000t\000a\000t\000i\000f}{section.2.1}% 30
\BOOKMARK [1][-]{section.2.2}{\376\377\000A\000r\000c\000h\000i\000t\000e\000c\000t\000u\000r\000e\000\040\000r\000e\000t\000e\000n\000u\000e\000\040\000:\000\040\000L\000a\000\040\000t\000a\000b\000l\000e\000\040\000b\000a\000s\000c\000u\000l\000a\000n\000t\000e\000\040\000\050\000T\000r\000u\000n\000n\000i\000o\000n\000\051}{chapter.2}% 31
\BOOKMARK [1][-]{section.2.3}{\376\377\000\311\000t\000u\000d\000e\000\040\000d\000e\000s\000\040\000e\000f\000f\000o\000r\000t\000s\000\040\000d\000e\000\040\000c\000o\000u\000p\000e\000\040\000\050\000M\000o\000d\000\351\000l\000i\000s\000a\000t\000i\000o\000n\000\040\000d\000e\000\040\000l\000a\000\040\000f\000o\000r\000c\000e\000\040\000d\000e\000\040\000c\000o\000u\000p\000e\000\051}{chapter.2}% 32
\BOOKMARK [2][-]{subsection.2.3.1}{\376\377\000F\000o\000r\000m\000a\000l\000i\000s\000a\000t\000i\000o\000n\000\040\000p\000a\000r\000\040\000l\000e\000s\000\040\000T\000o\000r\000s\000e\000u\000r\000s\000\040\000d\000'\000A\000c\000t\000i\000o\000n\000\040\000M\000\351\000c\000a\000n\000i\000q\000u\000e}{section.2.3}% 33
\BOOKMARK [1][-]{section.2.4}{\376\377\000R\000\351\000s\000i\000s\000t\000a\000n\000c\000e\000\040\000d\000e\000s\000\040\000M\000a\000t\000\351\000r\000i\000a\000u\000x\000\040\000\050\000R\000D\000M\000\051\000\040\000e\000t\000\040\000A\000n\000a\000l\000y\000s\000e\000\040\000d\000e\000\040\000C\000o\000n\000t\000r\000a\000i\000n\000t\000e\000s}{chapter.2}% 34
\BOOKMARK [2][-]{subsection.2.4.1}{\376\377\000V\000\351\000r\000i\000f\000i\000c\000a\000t\000i\000o\000n\000\040\000a\000u\000\040\000C\000r\000i\000t\000\350\000r\000e\000\040\000d\000e\000\040\000V\000o\000n\000\040\000M\000i\000s\000e\000s}{section.2.4}% 35
\BOOKMARK [1][-]{section.2.5}{\376\377\000D\000i\000m\000e\000n\000s\000i\000o\000n\000n\000e\000m\000e\000n\000t\000\040\000d\000e\000s\000\040\000A\000r\000b\000r\000e\000s\000\040\000d\000e\000\040\000T\000r\000a\000n\000s\000m\000i\000s\000s\000i\000o\000n\000\040\000\050\000V\000i\000s\000\040\000\340\000\040\000b\000i\000l\000l\000e\000s\000\051}{chapter.2}% 36
\BOOKMARK [2][-]{subsection.2.5.1}{\376\377\000D\000\351\000t\000e\000r\000m\000i\000n\000a\000t\000i\000o\000n\000\040\000d\000e\000\040\000l\000a\000\040\000f\000o\000r\000c\000e\000\040\000a\000x\000i\000a\000l\000e\000\040\000s\000u\000r\000\040\000l\000a\000\040\000V\000i\000s}{section.2.5}% 37
\BOOKMARK [2][-]{subsection.2.5.2}{\376\377\000V\000\351\000r\000i\000f\000i\000c\000a\000t\000i\000o\000n\000\040\000a\000u\000\040\000F\000l\000a\000m\000b\000a\000g\000e\000\040\000\050\000C\000r\000i\000t\000\350\000r\000e\000\040\000d\000'\000E\000u\000l\000e\000r\000\051}{section.2.5}% 38
\BOOKMARK [2][-]{subsection.2.5.3}{\376\377\000L\000'\000E\000f\000f\000e\000t\000\040\000B\000r\000a\000s\000\040\000d\000e\000\040\000L\000e\000v\000i\000e\000r\000\040\000\050\000T\000a\000b\000l\000e\000\040\000T\000r\000u\000n\000n\000i\000o\000n\000\051\000\040\000e\000t\000\040\000C\000o\000u\000p\000l\000e\000\040\000d\000e\000\040\000R\000e\000n\000v\000e\000r\000s\000e\000m\000e\000n\000t}{section.2.5}% 39
\BOOKMARK [1][-]{section.2.6}{\376\377\000D\000i\000m\000e\000n\000s\000i\000o\000n\000n\000e\000m\000e\000n\000t\000\040\000d\000e\000s\000\040\000m\000o\000t\000e\000u\000r\000s\000\040\000d\000'\000e\000n\000t\000r\000a\000\356\000n\000e\000m\000e\000n\000t\000\040\000\050\000N\000E\000M\000A\000\051}{chapter.2}% 40
\BOOKMARK [1][-]{section.2.7}{\376\377\000D\000i\000m\000e\000n\000s\000i\000o\000n\000n\000e\000m\000e\000n\000t\000\040\000d\000e\000s\000\040\000T\000r\000a\000n\000s\000m\000i\000s\000s\000i\000o\000n\000s\000\040\000R\000o\000t\000a\000t\000i\000v\000e\000s\000\040\000\050\000A\000x\000e\000s\000\040\000A\000\040\000e\000t\000\040\000B\000\051}{chapter.2}% 41
\BOOKMARK [2][-]{subsection.2.7.1}{\376\377\000P\000r\000o\000b\000l\000\351\000m\000a\000t\000i\000q\000u\000e\000\040\000d\000'\000e\000n\000t\000r\000a\000\356\000n\000e\000m\000e\000n\000t\000\040\000r\000o\000t\000a\000t\000i\000f\000\040\000e\000t\000\040\000"\000B\000a\000c\000k\000l\000a\000s\000h\000\040\000a\000n\000g\000u\000l\000a\000i\000r\000e\000"}{section.2.7}% 42
\BOOKMARK [2][-]{subsection.2.7.2}{\376\377\000S\000o\000l\000u\000t\000i\000o\000n\000s\000\040\000d\000e\000\040\000r\000\351\000d\000u\000c\000t\000i\000o\000n}{section.2.7}% 43
\BOOKMARK [1][-]{section.2.8}{\376\377\000\311\000t\000u\000d\000e\000\040\000d\000e\000\040\000R\000\351\000s\000i\000s\000t\000a\000n\000c\000e\000\040\000D\000e\000s\000\040\000M\000a\000t\000\351\000r\000i\000a\000u\000x\000\040\000\050\000R\000D\000M\000\051\000\040\000d\000e\000\040\000l\000'\000I\000n\000f\000r\000a\000s\000t\000r\000u\000c\000t\000u\000r\000e}{chapter.2}% 44
\BOOKMARK [2][-]{subsection.2.8.1}{\376\377\000D\000\351\000f\000l\000e\000x\000i\000o\000n\000\040\000m\000a\000x\000i\000m\000a\000l\000e\000\040\000d\000u\000\040\000P\000o\000r\000t\000i\000q\000u\000e\000\040\000\050\000A\000x\000e\000\040\000X\000\051}{section.2.8}% 45
\BOOKMARK [1][-]{section.2.9}{\376\377\000C\000o\000n\000c\000l\000u\000s\000i\000o\000n\000\040\000s\000u\000r\000\040\000l\000'\000\311\000t\000u\000d\000e\000\040\000M\000\351\000c\000a\000n\000i\000q\000u\000e}{chapter.2}% 46
\BOOKMARK [0][-]{chapter.3}{\376\377\000A\000r\000c\000h\000i\000t\000e\000c\000t\000u\000r\000e\000\040\000\311\000l\000e\000c\000t\000r\000o\000n\000i\000q\000u\000e\000\040\000e\000t\000\040\000I\000n\000g\000\351\000n\000i\000e\000r\000i\000e\000\040\000d\000e\000s\000\040\000S\000i\000g\000n\000a\000u\000x}{}% 47
\BOOKMARK [1][-]{section.3.1}{\376\377\000L\000'\000U\000n\000i\000t\000\351\000\040\000d\000e\000\040\000T\000r\000a\000i\000t\000e\000m\000e\000n\000t\000\040\000E\000m\000b\000a\000r\000q\000u\000\351\000e\000\040\000\050\000L\000e\000\040\000"\000C\000e\000r\000v\000e\000a\000u\000"\000\051}{chapter.3}% 48
\BOOKMARK [2][-]{subsection.3.1.1}{\376\377\000A\000n\000a\000l\000y\000s\000e\000\040\000C\000r\000i\000t\000i\000q\000u\000e\000\040\000d\000e\000s\000\040\000M\000i\000c\000r\000o\000c\000o\000n\000t\000r\000\364\000l\000e\000u\000r\000s}{section.3.1}% 49
\BOOKMARK [2][-]{subsection.3.1.2}{\376\377\000A\000l\000l\000o\000c\000a\000t\000i\000o\000n\000\040\000M\000\351\000m\000o\000i\000r\000e\000\040\000e\000t\000\040\000T\000\342\000c\000h\000e\000s\000\040\000\050\000F\000r\000e\000e\000R\000T\000O\000S\000\051}{section.3.1}% 50
\BOOKMARK [1][-]{section.3.2}{\376\377\000C\000h\000a\000\356\000n\000e\000\040\000d\000e\000\040\000P\000u\000i\000s\000s\000a\000n\000c\000e\000\040\000e\000t\000\040\000D\000r\000i\000v\000e\000r\000s\000\040\000M\000o\000t\000e\000u\000r\000s}{chapter.3}% 51
\BOOKMARK [2][-]{subsection.3.2.1}{\376\377\000D\000i\000m\000e\000n\000s\000i\000o\000n\000n\000e\000m\000e\000n\000t\000\040\000d\000e\000\040\000l\000'\000I\000n\000t\000e\000r\000f\000a\000c\000e\000\040\000d\000e\000\040\000L\000o\000g\000i\000q\000u\000e\000\040\000\050\000L\000e\000v\000e\000l\000\040\000S\000h\000i\000f\000t\000e\000r\000\051}{section.3.2}% 52
\BOOKMARK [2][-]{subsection.3.2.2}{\376\377\000R\000\351\000g\000i\000m\000e\000\040\000M\000i\000c\000r\000o\000-\000s\000t\000e\000p\000p\000i\000n\000g\000\040\000d\000u\000\040\000D\000M\0005\0005\0006}{section.3.2}% 53
\BOOKMARK [1][-]{section.3.3}{\376\377\000B\000i\000l\000a\000n\000\040\000d\000e\000\040\000P\000u\000i\000s\000s\000a\000n\000c\000e\000\040\000e\000t\000\040\000D\000i\000m\000e\000n\000s\000i\000o\000n\000n\000e\000m\000e\000n\000t\000\040\000d\000e\000s\000\040\000A\000l\000i\000m\000e\000n\000t\000a\000t\000i\000o\000n\000s}{chapter.3}% 54
\BOOKMARK [2][-]{subsection.3.3.1}{\376\377\000D\000i\000m\000e\000n\000s\000i\000o\000n\000n\000e\000m\000e\000n\000t\000\040\000d\000e\000\040\000l\000'\000A\000l\000i\000m\000e\000n\000t\000a\000t\000i\000o\000n\000\040\000P\000r\000i\000n\000c\000i\000p\000a\000l\000e\000\040\000\050\000P\000S\000U\000\040\0003\0006\000V\000\051}{section.3.3}% 55
\BOOKMARK [2][-]{subsection.3.3.2}{\376\377\000D\000i\000m\000e\000n\000s\000i\000o\000n\000n\000e\000m\000e\000n\000t\000\040\000d\000e\000s\000\040\000C\000a\000p\000a\000c\000i\000t\000\351\000s\000\040\000d\000e\000\040\000D\000\351\000c\000o\000u\000p\000l\000a\000g\000e\000\040\000L\000o\000g\000i\000q\000u\000e\000\040\000\050\000R\000\351\000s\000e\000a\000u\000\040\0005\000V\000\040\000/\000\040\0003\000.\0003\000V\000\051}{section.3.3}% 56
\BOOKMARK [1][-]{section.3.4}{\376\377\000I\000n\000g\000\351\000n\000i\000e\000r\000i\000e\000\040\000d\000e\000\040\000S\000\373\000r\000e\000t\000\351\000\040\000:\000\040\000L\000'\000A\000r\000r\000\352\000t\000\040\000d\000'\000U\000r\000g\000e\000n\000c\000e\000\040\000E\000-\000S\000T\000O\000P\000\040\000e\000t\000\040\000R\000e\000l\000a\000i\000s}{chapter.3}% 57
\BOOKMARK [2][-]{subsection.3.4.1}{\376\377\000C\000\342\000b\000l\000a\000g\000e\000\040\000e\000n\000\040\000"\000C\000a\000t\000\351\000g\000o\000r\000i\000e\000\040\000d\000'\000A\000r\000r\000\352\000t\000\040\0000\000"\000\040\000\050\000C\000o\000u\000p\000u\000r\000e\000\040\000n\000o\000n\000-\000c\000o\000n\000d\000i\000t\000i\000o\000n\000n\000e\000l\000l\000e\000\051}{section.3.4}% 58
\BOOKMARK [1][-]{section.3.5}{\376\377\000P\000r\000o\000b\000l\000\351\000m\000a\000t\000i\000q\000u\000e\000s\000\040\000C\000E\000M\000\040\000e\000t\000\040\000I\000n\000t\000\351\000g\000r\000i\000t\000\351\000\040\000d\000e\000s\000\040\000S\000i\000g\000n\000a\000u\000x}{chapter.3}% 59
\BOOKMARK [2][-]{subsection.3.5.1}{\376\377\000C\000o\000u\000p\000l\000a\000g\000e\000\040\000e\000t\000\040\000B\000l\000i\000n\000d\000a\000g\000e}{section.3.5}% 60
\BOOKMARK [2][-]{subsection.3.5.2}{\376\377\000B\000i\000l\000a\000n\000\040\000T\000h\000e\000r\000m\000i\000q\000u\000e\000\040\000e\000t\000\040\000A\000n\000a\000l\000y\000s\000e\000\040\000d\000u\000\040\000F\000l\000u\000x\000\040\000d\000'\000A\000i\000r}{section.3.5}% 61
\BOOKMARK [1][-]{section.3.6}{\376\377\000D\000i\000m\000e\000n\000s\000i\000o\000n\000n\000e\000m\000e\000n\000t\000\040\000\311\000l\000e\000c\000t\000r\000i\000q\000u\000e\000\040\000e\000t\000\040\000B\000i\000l\000a\000n\000\040\000d\000e\000\040\000P\000u\000i\000s\000s\000a\000n\000c\000e}{chapter.3}% 62
\BOOKMARK [2][-]{subsection.3.6.1}{\376\377\000C\000o\000n\000s\000o\000m\000m\000a\000t\000i\000o\000n\000\040\000t\000h\000\351\000o\000r\000i\000q\000u\000e\000\040\000\050\000B\000i\000l\000a\000n\000\040\000d\000'\000i\000n\000t\000e\000n\000s\000i\000t\000\351\000\051}{section.3.6}% 63
\BOOKMARK [2][-]{subsection.3.6.2}{\376\377\000S\000\351\000l\000e\000c\000t\000i\000o\000n\000\040\000d\000e\000\040\000l\000'\000A\000l\000i\000m\000e\000n\000t\000a\000t\000i\000o\000n\000\040\000P\000r\000i\000m\000a\000i\000r\000e\000\040\000\050\000S\000M\000P\000S\000\051}{section.3.6}% 64
\BOOKMARK [1][-]{section.3.7}{\376\377\000C\000o\000n\000c\000l\000u\000s\000i\000o\000n\000\040\000s\000u\000r\000\040\000l\000'\000i\000n\000f\000r\000a\000s\000t\000r\000u\000c\000t\000u\000r\000e\000\040\000M\000\351\000c\000a\000t\000r\000o\000n\000i\000q\000u\000e}{chapter.3}% 65
\BOOKMARK [0][-]{chapter.4}{\376\377\000D\000\351\000v\000e\000l\000o\000p\000p\000e\000m\000e\000n\000t\000\040\000L\000o\000g\000i\000c\000i\000e\000l\000\040\000e\000t\000\040\000M\000o\000d\000\351\000l\000i\000s\000a\000t\000i\000o\000n\000\040\000U\000M\000L}{}% 66
\BOOKMARK [1][-]{section.4.1}{\376\377\000M\000o\000d\000\351\000l\000i\000s\000a\000t\000i\000o\000n\000\040\000U\000M\000L\000\040\000d\000u\000\040\000S\000y\000s\000t\000\350\000m\000e\000\040\000G\000l\000o\000b\000a\000l}{chapter.4}% 67
\BOOKMARK [2][-]{subsection.4.1.1}{\376\377\000D\000i\000a\000g\000r\000a\000m\000m\000e\000\040\000d\000e\000\040\000S\000\351\000q\000u\000e\000n\000c\000e\000\040\000:\000\040\000C\000y\000c\000l\000e\000\040\000d\000e\000\040\000v\000i\000e\000\040\000d\000'\000u\000n\000\040\000U\000s\000i\000n\000a\000g\000e}{section.4.1}% 68
\BOOKMARK [2][-]{subsection.4.1.2}{\376\377\000D\000i\000a\000g\000r\000a\000m\000m\000e\000\040\000d\000e\000\040\000C\000l\000a\000s\000s\000e\000s\000\040\000\050\000F\000i\000r\000m\000w\000a\000r\000e\000\040\000E\000S\000P\0003\0002\000\051}{section.4.1}% 69
\BOOKMARK [2][-]{subsection.4.1.3}{\376\377\000D\000i\000a\000g\000r\000a\000m\000m\000e\000\040\000d\000'\000\311\000t\000a\000t\000s\000\040\000\050\000M\000a\000c\000h\000i\000n\000e\000\040\000\340\000\040\000\311\000t\000a\000t\000s\000\040\000F\000i\000n\000i\000s\000\040\000d\000e\000\040\000l\000'\000E\000S\000P\0003\0002\000\051}{section.4.1}% 70
\BOOKMARK [1][-]{section.4.2}{\376\377\000A\000l\000g\000o\000r\000i\000t\000h\000m\000i\000q\000u\000e\000\040\000d\000e\000\040\000G\000\351\000n\000\351\000r\000a\000t\000i\000o\000n\000\040\000d\000e\000\040\000M\000o\000u\000v\000e\000m\000e\000n\000t\000s}{chapter.4}% 71
\BOOKMARK [2][-]{subsection.4.2.1}{\376\377\000D\000D\000A\000\040\000\050\000D\000i\000g\000i\000t\000a\000l\000\040\000D\000i\000f\000f\000e\000r\000e\000n\000t\000i\000a\000l\000\040\000A\000n\000a\000l\000y\000z\000e\000r\000\051\000\040\000v\000s\000\040\000T\000i\000m\000e\000r\000s\000\040\000H\000a\000r\000d\000w\000a\000r\000e}{section.4.2}% 72
\BOOKMARK [2][-]{subsection.4.2.2}{\376\377\000G\000e\000s\000t\000i\000o\000n\000\040\000d\000u\000\040\000F\000l\000u\000x\000\040\000:\000\040\000L\000o\000g\000i\000q\000u\000e\000\040\000L\000o\000o\000k\000-\000A\000h\000e\000a\000d}{section.4.2}% 73
\BOOKMARK [1][-]{section.4.3}{\376\377\000I\000m\000p\000l\000\351\000m\000e\000n\000t\000a\000t\000i\000o\000n\000\040\000d\000u\000\040\000C\000o\000d\000e\000\040\000:\000\040\000M\000i\000c\000r\000o\000l\000o\000g\000i\000c\000i\000e\000l\000\040\000\050\000E\000S\000P\0003\0002\000\051}{chapter.4}% 74
\BOOKMARK [2][-]{subsection.4.3.1}{\376\377\000L\000'\000A\000r\000c\000h\000i\000t\000e\000c\000t\000u\000r\000e\000\040\000D\000u\000a\000l\000-\000C\000o\000r\000e\000\040\000\050\000F\000r\000e\000e\000R\000T\000O\000S\000\051}{section.4.3}% 75
\BOOKMARK [2][-]{subsection.4.3.2}{\376\377\000C\000i\000n\000\351\000m\000a\000t\000i\000q\000u\000e\000\040\000I\000n\000v\000e\000r\000s\000e\000\040\000e\000t\000\040\000P\000a\000r\000a\000m\000\351\000t\000r\000a\000g\000e\000\040\000D\000e\000n\000a\000v\000i\000t\000-\000H\000a\000r\000t\000e\000n\000b\000e\000r\000g}{section.4.3}% 76
\BOOKMARK [1][-]{section.4.4}{\376\377\000L\000'\000I\000n\000t\000e\000r\000f\000a\000c\000e\000\040\000H\000o\000m\000m\000e\000-\000M\000a\000c\000h\000i\000n\000e\000\040\000\050\000F\000l\000u\000t\000t\000e\000r\000\051}{chapter.4}% 77
\BOOKMARK [2][-]{subsection.4.4.1}{\376\377\000L\000e\000\040\000P\000a\000r\000s\000e\000u\000r\000\040\000G\000-\000C\000o\000d\000e\000\040\000\050\000L\000o\000g\000i\000g\000r\000a\000m\000m\000e\000\040\000U\000M\000L\000\051}{section.4.4}% 78
\BOOKMARK [2][-]{subsection.4.4.2}{\376\377\000A\000r\000c\000h\000i\000t\000e\000c\000t\000u\000r\000e\000\040\000L\000o\000g\000i\000c\000i\000e\000l\000l\000e\000\040\000d\000e\000\040\000l\000'\000A\000p\000p\000\040\000F\000l\000u\000t\000t\000e\000r\000\040\000\050\000D\000i\000a\000g\000r\000a\000m\000m\000e\000\040\000d\000e\000\040\000C\000l\000a\000s\000s\000e\000s\000\051}{section.4.4}% 79
\BOOKMARK [2][-]{subsection.4.4.3}{\376\377\000S\000t\000a\000t\000e\000\040\000M\000a\000n\000a\000g\000e\000m\000e\000n\000t\000\040\000:\000\040\000L\000a\000\040\000p\000u\000r\000e\000t\000\351\000\040\000d\000e\000\040\000R\000i\000v\000e\000r\000p\000o\000d}{section.4.4}% 80
\BOOKMARK [1][-]{section.4.5}{\376\377\000C\000o\000n\000c\000l\000u\000s\000i\000o\000n\000\040\000d\000e\000\040\000l\000a\000\040\000c\000o\000n\000c\000e\000p\000t\000i\000o\000n\000\040\000l\000o\000g\000i\000c\000i\000e\000l\000l\000e}{chapter.4}% 81
\BOOKMARK [0][-]{chapter.5}{\376\377\000R\000\351\000a\000l\000i\000s\000a\000t\000i\000o\000n\000,\000\040\000A\000s\000s\000e\000m\000b\000l\000a\000g\000e\000,\000\040\000T\000e\000s\000t\000s\000\040\000e\000t\000\040\000Q\000u\000a\000l\000i\000f\000i\000c\000a\000t\000i\000o\000n}{}% 82
\BOOKMARK [1][-]{section.5.1}{\376\377\000P\000r\000o\000c\000e\000s\000s\000u\000s\000\040\000d\000'\000A\000s\000s\000e\000m\000b\000l\000a\000g\000e\000\040\000M\000\351\000t\000r\000o\000l\000o\000g\000i\000q\000u\000e}{chapter.5}% 83
\BOOKMARK [2][-]{subsection.5.1.1}{\376\377\000L\000'\000\311\000q\000u\000e\000r\000r\000a\000g\000e\000\040\000d\000u\000\040\000P\000o\000r\000t\000i\000q\000u\000e\000\040\000\050\000S\000q\000u\000a\000r\000i\000n\000g\000\040\000p\000r\000o\000c\000e\000s\000s\000\051}{section.5.1}% 84
\BOOKMARK [2][-]{subsection.5.1.2}{\376\377\000C\000\342\000b\000l\000a\000g\000e\000\040\000e\000n\000\040\000\311\000t\000o\000i\000l\000e\000\040\000\050\000S\000t\000a\000r\000\040\000G\000r\000o\000u\000n\000d\000i\000n\000g\000\051\000\040\000e\000t\000\040\000A\000n\000t\000i\000-\000I\000n\000t\000e\000r\000f\000\351\000r\000e\000n\000c\000e\000s}{section.5.1}% 85
\BOOKMARK [1][-]{section.5.2}{\376\377\000\311\000t\000a\000l\000o\000n\000n\000a\000g\000e\000\040\000L\000o\000g\000i\000c\000i\000e\000l\000\040\000\050\000H\000o\000m\000i\000n\000g\000\040\000e\000t\000\040\000O\000f\000f\000s\000e\000t\000s\000\040\000C\000i\000n\000\351\000m\000a\000t\000i\000q\000u\000e\000s\000\051}{chapter.5}% 86
\BOOKMARK [2][-]{subsection.5.2.1}{\376\377\000L\000a\000\040\000c\000o\000n\000v\000e\000r\000s\000i\000o\000n\000\040\000l\000o\000g\000i\000c\000o\000-\000m\000\351\000c\000a\000n\000i\000q\000u\000e\000\040\000\050\000S\000t\000e\000p\000s\000/\000m\000m\000\051}{section.5.2}% 87
\BOOKMARK [2][-]{subsection.5.2.2}{\376\377\000P\000a\000l\000p\000a\000g\000e\000\040\000d\000u\000\040\000T\000o\000o\000l\000\040\000C\000e\000n\000t\000e\000r\000\040\000P\000o\000i\000n\000t\000\040\000\050\000O\000f\000f\000s\000e\000t\000s\000\040\000T\000r\000u\000n\000n\000i\000o\000n\000\051}{section.5.2}% 88
\BOOKMARK [1][-]{section.5.3}{\376\377\000V\000a\000l\000i\000d\000a\000t\000i\000o\000n\000\040\000M\000\351\000t\000r\000o\000l\000o\000g\000i\000q\000u\000e\000\040\000p\000a\000r\000\040\000l\000'\000U\000s\000i\000n\000a\000g\000e\000\040\000\050\000T\000e\000s\000t\000s\000\040\000P\000r\000a\000t\000i\000q\000u\000e\000s\000\051}{chapter.5}% 89
\BOOKMARK [2][-]{subsection.5.3.1}{\376\377\000E\000s\000s\000a\000i\000\040\0001\000\040\000:\000\040\000C\000o\000n\000t\000o\000u\000r\000a\000g\000e\000\040\0002\000.\0005\000D\000\040\000\050\000R\000i\000g\000i\000d\000i\000t\000\351\000\040\000e\000t\000\040\000R\000\351\000p\000\351\000t\000a\000b\000i\000l\000i\000t\000\351\000\051}{section.5.3}% 90
\BOOKMARK [2][-]{subsection.5.3.2}{\376\377\000E\000s\000s\000a\000i\000\040\0002\000\040\000:\000\040\000U\000s\000i\000n\000a\000g\000e\000\040\000P\000o\000s\000i\000t\000i\000o\000n\000n\000e\000l\000\040\000"\0003\000+\0002\000\040\000a\000x\000e\000s\000"}{section.5.3}% 91
\BOOKMARK [2][-]{subsection.5.3.3}{\376\377\000E\000s\000s\000a\000i\000\040\0003\000\040\000:\000\040\000I\000n\000t\000e\000r\000p\000o\000l\000a\000t\000i\000o\000n\000\040\000S\000i\000m\000u\000l\000t\000a\000n\000\351\000e\000\040\0005\000\040\000A\000x\000e\000s\000\040\000"\000C\000o\000n\000t\000i\000n\000u\000e\000"}{section.5.3}% 92
\BOOKMARK [1][-]{section.5.4}{\376\377\000A\000n\000a\000l\000y\000s\000e\000\040\000T\000e\000c\000h\000n\000i\000c\000o\000-\000\311\000c\000o\000n\000o\000m\000i\000q\000u\000e\000\040\000\050\000B\000O\000M\000\051}{chapter.5}% 93
\BOOKMARK [1][-]{section.5.5}{\376\377\000S\000\351\000c\000u\000r\000i\000t\000\351\000\040\000I\000n\000d\000u\000s\000t\000r\000i\000e\000l\000l\000e\000\040\000e\000t\000\040\000A\000n\000a\000l\000y\000s\000e\000\040\000d\000e\000s\000\040\000R\000i\000s\000q\000u\000e\000s\000\040\000\050\000A\000M\000D\000E\000C\000\051}{chapter.5}% 94
\BOOKMARK [1][-]{table.5.2}{\376\377\000C\000o\000n\000c\000l\000u\000s\000i\000o\000n\000\040\000G\000\351\000n\000\351\000r\000a\000l\000e\000\040\000e\000t\000\040\000P\000e\000r\000s\000p\000e\000c\000t\000i\000v\000e\000s}{chapter.5}% 95
\BOOKMARK [0][-]{chapter*.7}{\376\377\000A\000n\000n\000e\000x\000e\000\040\000:\000\040\000D\000o\000c\000u\000m\000e\000n\000t\000a\000t\000i\000o\000n\000\040\000G\000\351\000n\000\351\000r\000a\000l\000e\000\040\000e\000t\000\040\000M\000a\000n\000u\000e\000l\000\040\000d\000'\000U\000t\000i\000l\000i\000s\000a\000t\000i\000o\000n}{}% 96
\BOOKMARK [1][-]{section.5.6}{\376\377\000G\000u\000i\000d\000e\000\040\000d\000'\000U\000t\000i\000l\000i\000s\000a\000t\000i\000o\000n\000\040\000\050\000M\000a\000n\000u\000e\000l\000\040\000O\000p\000\351\000r\000a\000t\000e\000u\000r\000\051}{chapter*.7}% 97
\BOOKMARK [2][-]{subsection.5.6.1}{\376\377\000C\000o\000n\000f\000i\000g\000u\000r\000a\000t\000i\000o\000n\000\040\000I\000n\000i\000t\000i\000a\000l\000e\000\040\000e\000t\000\040\000B\000r\000a\000n\000c\000h\000e\000m\000e\000n\000t\000s}{section.5.6}% 98
\BOOKMARK [2][-]{subsection.5.6.2}{\376\377\000P\000r\000o\000c\000\351\000d\000u\000r\000e\000\040\000d\000e\000\040\000M\000i\000s\000e\000\040\000\340\000\040\000l\000'\000O\000r\000i\000g\000i\000n\000e\000\040\000\050\000H\000o\000m\000i\000n\000g\000\051}{section.5.6}% 99
\BOOKMARK [2][-]{subsection.5.6.3}{\376\377\000C\000h\000a\000r\000g\000e\000m\000e\000n\000t\000\040\000e\000t\000\040\000E\000x\000\351\000c\000u\000t\000i\000o\000n\000\040\000d\000u\000\040\000G\000-\000C\000o\000d\000e}{section.5.6}% 100
\BOOKMARK [1][-]{section.5.7}{\376\377\000D\000o\000c\000u\000m\000e\000n\000t\000a\000t\000i\000o\000n\000\040\000T\000e\000c\000h\000n\000i\000q\000u\000e\000\040\000\050\000D\000\351\000v\000e\000l\000o\000p\000p\000e\000u\000r\000\051}{chapter*.7}% 101
\BOOKMARK [2][-]{subsection.5.7.1}{\376\377\000A\000r\000c\000h\000i\000t\000e\000c\000t\000u\000r\000e\000\040\000d\000u\000\040\000M\000i\000c\000r\000o\000l\000o\000g\000i\000c\000i\000e\000l\000\040\000\050\000E\000S\000P\0003\0002\000\051}{section.5.7}% 102
\BOOKMARK [2][-]{subsection.5.7.2}{\376\377\000P\000r\000o\000t\000o\000c\000o\000l\000e\000\040\000d\000e\000\040\000C\000o\000m\000m\000u\000n\000i\000c\000a\000t\000i\000o\000n\000\040\000J\000S\000O\000N}{section.5.7}% 103
\BOOKMARK [1][-]{section.5.8}{\376\377\000M\000a\000i\000n\000t\000e\000n\000a\000n\000c\000e\000\040\000e\000t\000\040\000S\000\351\000c\000u\000r\000i\000t\000\351}{chapter*.7}% 104
\BOOKMARK [2][-]{subsection.5.8.1}{\376\377\000E\000n\000t\000r\000e\000t\000i\000e\000n\000\040\000M\000\351\000c\000a\000n\000i\000q\000u\000e}{section.5.8}% 105
\BOOKMARK [2][-]{subsection.5.8.2}{\376\377\000C\000o\000n\000s\000i\000g\000n\000e\000s\000\040\000d\000e\000\040\000S\000\351\000c\000u\000r\000i\000t\000\351}{section.5.8}% 106
\BOOKMARK [0][-]{subsection.5.8.2}{\376\377\000B\000i\000b\000l\000i\000o\000g\000r\000a\000p\000h\000i\000e\000\040\000e\000t\000\040\000N\000\351\000t\000o\000g\000r\000a\000p\000h\000i\000e}{}% 107
\BOOKMARK [0][-]{appendix.A}{\376\377\000A\000n\000n\000e\000x\000e\000s\000\040\000t\000e\000c\000h\000n\000i\000q\000u\000e\000s}{}% 108
\BOOKMARK [1][-]{section.A.1}{\376\377\000E\000x\000t\000r\000a\000i\000t\000\040\000d\000e\000\040\000l\000'\000a\000l\000g\000o\000r\000i\000t\000h\000m\000e\000\040\000"\000L\000o\000o\000k\000-\000A\000h\000e\000a\000d\000"\000\040\000d\000u\000\040\000P\000l\000a\000n\000n\000e\000r\000\040\000\050\000C\000+\000+\000\051}{appendix.A}% 109
