This is pdfTeX, Version 3.141592653-2.6-1.40.28 (MiKTeX 25.12) (preloaded format=pdflatex 2026.3.6)  23 MAR 2026 02:12
entering extended mode
 restricted \write18 enabled.
 %&-line parsing enabled.
**./main.tex
(main.tex
LaTeX2e <2025-11-01>
L3 programming layer <2025-12-24>
(C:\Users\PROFESSEUR\AppData\Local\Programs\MiKTeX\tex/latex/base\report.cls
Document Class: report 2025/01/22 v1.4n Standard LaTeX document class
(C:\Users\PROFESSEUR\AppData\Local\Programs\MiKTeX\tex/latex/base\size12.clo
File: size12.clo 2025/01/22 v1.4n Standard LaTeX file (size option)
)
\c@part=\count275
\c@chapter=\count276
\c@section=\count277
\c@subsection=\count278
\c@subsubsection=\count279
\c@paragraph=\count280
\c@subparagraph=\count281
\c@figure=\count282
\c@table=\count283
\abovecaptionskip=\skip49
\belowcaptionskip=\skip50
\bibindent=\dimen148
)
(C:\Users\PROFESSEUR\AppData\Local\Programs\MiKTeX\tex/latex/base\inputenc.sty
Package: inputenc 2024/02/08 v1.3d Input encoding file
\inpenc@prehook=\toks17
\inpenc@posthook=\toks18
) (C:\Users\PROFESSEUR\AppData\Local\Programs\MiKTeX\tex/latex/base\fontenc.sty
Package: fontenc 2025/07/18 v2.1d Standard LaTeX package
) (C:\Users\PROFESSEUR\AppData\Local\Programs\MiKTeX\tex/generic/babel\babel.st
y
Package: babel 2025/12/11 v25.17 The multilingual framework for LuaLaTeX, pdfLa
TeX and XeLaTeX
\babel@savecnt=\count284
LaTeX Encoding Info:    Redeclaring text command \ij (encoding OT1) on input li
ne 2068.
LaTeX Encoding Info:    Redeclaring text command \IJ (encoding OT1) on input li
ne 2070.
LaTeX Encoding Info:    Redeclaring text command \ij (encoding T1) on input lin
e 2072.
LaTeX Encoding Info:    Redeclaring text command \IJ (encoding T1) on input lin
e 2073.
LaTeX Encoding Info:    Ignoring declaration for text command \ij (encoding ?) 
on input line 2074.
LaTeX Encoding Info:    Ignoring declaration for text command \IJ (encoding ?) 
on input line 2076.
LaTeX Encoding Info:    Ignoring declaration for text command \SS (encoding ?) 
on input line 2101.
\U@D=\dimen149
\l@unhyphenated=\language79

(C:\Users\PROFESSEUR\AppData\Local\Programs\MiKTeX\tex/generic/babel\txtbabel.d
ef)
\bbl@readstream=\read2
\bbl@dirlevel=\count285
Package babel Info: Configuration files are deprecated, as
(babel)             they can break document portability.
(babel)             Reported on input line 4196.

*************************************
* Local config file bblopts.cfg used
*
(C:\Users\PROFESSEUR\AppData\Local\Programs\MiKTeX\tex/latex/arabi\bblopts.cfg
File: bblopts.cfg 2005/09/08 v0.1 add Arabic and Farsi to "declared" options of
 babel
)
(C:\Users\PROFESSEUR\AppData\Local\Programs\MiKTeX\tex/generic/babel/locale/fr\
babel-french.tex)
Package babel Info: Importing font and identification data for french
(babel)             from babel-fr.ini. Reported on input line 4320.

(C:\Users\PROFESSEUR\AppData\Local\Programs\MiKTeX\tex/generic/babel-french\fre
nch.ldf
Language: french 2025-08-15 v4.0e French support from the babel system

(C:\Users\PROFESSEUR\AppData\Local\Programs\MiKTeX\tex/generic/babel-french\fre
nch3.ldf
Language: french 2025-08-15 v3.7e French support from the babel system
\FB@stdchar=\count286
Package babel Info: Making : an active character on input line 273.
Package babel Info: Making ; an active character on input line 274.
Package babel Info: Making ! an active character on input line 275.
Package babel Info: Making ? an active character on input line 276.
\FBguill@level=\count287
\FBold@everypar=\toks19
\FB@Mht=\dimen150
\mc@charclass=\count288
\mc@charfam=\count289
\mc@charslot=\count290
\std@mcc=\count291
\dec@mcc=\count292
\FB@pardim=\dimen151
\listindentFB=\dimen152
\descindentFB=\dimen153
\labelindentFB=\dimen154
\labelwidthFB=\dimen155
\leftmarginFB=\dimen156
\parindentFFN=\dimen157
\FBfnindent=\dimen158
)))
(C:\Users\PROFESSEUR\AppData\Local\Programs\MiKTeX\tex/latex/carlisle\scalefnt.
sty)
(C:\Users\PROFESSEUR\AppData\Local\Programs\MiKTeX\tex/latex/graphics\graphicx.
sty
Package: graphicx 2024/12/31 v1.2e Enhanced LaTeX Graphics (DPC,SPQR)

(C:\Users\PROFESSEUR\AppData\Local\Programs\MiKTeX\tex/latex/graphics\keyval.st
y
Package: keyval 2022/05/29 v1.15 key=value parser (DPC)
\KV@toks@=\toks20
)
(C:\Users\PROFESSEUR\AppData\Local\Programs\MiKTeX\tex/latex/graphics\graphics.
sty
Package: graphics 2024/08/06 v1.4g Standard LaTeX Graphics (DPC,SPQR)

(C:\Users\PROFESSEUR\AppData\Local\Programs\MiKTeX\tex/latex/graphics\trig.sty
Package: trig 2023/12/02 v1.11 sin cos tan (DPC)
)
(C:\Users\PROFESSEUR\AppData\Local\Programs\MiKTeX\tex/latex/graphics-cfg\graph
ics.cfg
File: graphics.cfg 2016/06/04 v1.11 sample graphics configuration
)
Package graphics Info: Driver file: pdftex.def on input line 106.

(C:\Users\PROFESSEUR\AppData\Local\Programs\MiKTeX\tex/latex/graphics-def\pdfte
x.def
File: pdftex.def 2025/09/29 v1.2d Graphics/color driver for pdftex
))
\Gin@req@height=\dimen159
\Gin@req@width=\dimen160
)
(C:\Users\PROFESSEUR\AppData\Local\Programs\MiKTeX\tex/latex/geometry\geometry.
sty
Package: geometry 2020/01/02 v5.9 Page Geometry

(C:\Users\PROFESSEUR\AppData\Local\Programs\MiKTeX\tex/generic/iftex\ifvtex.sty
Package: ifvtex 2019/10/25 v1.7 ifvtex legacy package. Use iftex instead.
(C:\Users\PROFESSEUR\AppData\Local\Programs\MiKTeX\tex/generic/iftex\iftex.sty
Package: iftex 2024/12/12 v1.0g TeX engine tests
))
\Gm@cnth=\count293
\Gm@cntv=\count294
\c@Gm@tempcnt=\count295
\Gm@bindingoffset=\dimen161
\Gm@wd@mp=\dimen162
\Gm@odd@mp=\dimen163
\Gm@even@mp=\dimen164
\Gm@layoutwidth=\dimen165
\Gm@layoutheight=\dimen166
\Gm@layouthoffset=\dimen167
\Gm@layoutvoffset=\dimen168
\Gm@dimlist=\toks21

(C:\Users\PROFESSEUR\AppData\Local\Programs\MiKTeX\tex/latex/geometry\geometry.
cfg))
(C:\Users\PROFESSEUR\AppData\Local\Programs\MiKTeX\tex/latex/amsmath\amsmath.st
y
Package: amsmath 2025/07/09 v2.17z AMS math features
\@mathmargin=\skip51

For additional information on amsmath, use the `?' option.

(C:\Users\PROFESSEUR\AppData\Local\Programs\MiKTeX\tex/latex/amsmath\amstext.st
y
Package: amstext 2024/11/17 v2.01 AMS text

(C:\Users\PROFESSEUR\AppData\Local\Programs\MiKTeX\tex/latex/amsmath\amsgen.sty
File: amsgen.sty 1999/11/30 v2.0 generic functions
\@emptytoks=\toks22
\ex@=\dimen169
))
(C:\Users\PROFESSEUR\AppData\Local\Programs\MiKTeX\tex/latex/amsmath\amsbsy.sty
Package: amsbsy 1999/11/29 v1.2d Bold Symbols
\pmbraise@=\dimen170
)
(C:\Users\PROFESSEUR\AppData\Local\Programs\MiKTeX\tex/latex/amsmath\amsopn.sty
Package: amsopn 2022/04/08 v2.04 operator names
)
\inf@bad=\count296
LaTeX Info: Redefining \frac on input line 233.
\uproot@=\count297
\leftroot@=\count298
LaTeX Info: Redefining \overline on input line 398.
LaTeX Info: Redefining \colon on input line 409.
\classnum@=\count299
\DOTSCASE@=\count300
LaTeX Info: Redefining \ldots on input line 495.
LaTeX Info: Redefining \dots on input line 498.
LaTeX Info: Redefining \cdots on input line 619.
\Mathstrutbox@=\box53
\strutbox@=\box54
LaTeX Info: Redefining \big on input line 721.
LaTeX Info: Redefining \Big on input line 722.
LaTeX Info: Redefining \bigg on input line 723.
LaTeX Info: Redefining \Bigg on input line 724.
\big@size=\dimen171
LaTeX Font Info:    Redeclaring font encoding OML on input line 742.
LaTeX Font Info:    Redeclaring font encoding OMS on input line 743.
\macc@depth=\count301
LaTeX Info: Redefining \bmod on input line 904.
LaTeX Info: Redefining \pmod on input line 909.
LaTeX Info: Redefining \smash on input line 939.
LaTeX Info: Redefining \relbar on input line 969.
LaTeX Info: Redefining \Relbar on input line 970.
\c@MaxMatrixCols=\count302
\dotsspace@=\muskip17
\c@parentequation=\count303
\dspbrk@lvl=\count304
\tag@help=\toks23
\row@=\count305
\column@=\count306
\maxfields@=\count307
\andhelp@=\toks24
\eqnshift@=\dimen172
\alignsep@=\dimen173
\tagshift@=\dimen174
\tagwidth@=\dimen175
\totwidth@=\dimen176
\lineht@=\dimen177
\@envbody=\toks25
\multlinegap=\skip52
\multlinetaggap=\skip53
\mathdisplay@stack=\toks26
LaTeX Info: Redefining \[ on input line 2950.
LaTeX Info: Redefining \] on input line 2951.
)
(C:\Users\PROFESSEUR\AppData\Local\Programs\MiKTeX\tex/latex/amsfonts\amsfonts.
sty
Package: amsfonts 2013/01/14 v3.01 Basic AMSFonts support
\symAMSa=\mathgroup4
\symAMSb=\mathgroup5
LaTeX Font Info:    Redeclaring math symbol \hbar on input line 98.
LaTeX Font Info:    Overwriting math alphabet `\mathfrak' in version `bold'
(Font)                  U/euf/m/n --> U/euf/b/n on input line 106.
)
(C:\Users\PROFESSEUR\AppData\Local\Programs\MiKTeX\tex/latex/amsfonts\amssymb.s
ty
Package: amssymb 2013/01/14 v3.01 AMS font symbols
)
(C:\Users\PROFESSEUR\AppData\Local\Programs\MiKTeX\tex/latex/setspace\setspace.
sty
Package: setspace 2022/12/04 v6.7b set line spacing
)
(C:\Users\PROFESSEUR\AppData\Local\Programs\MiKTeX\tex/latex/psnfss\helvet.sty
Package: helvet 2020/03/25 PSNFSS-v9.3 (WaS) 
)
(C:\Users\PROFESSEUR\AppData\Local\Programs\MiKTeX\tex/latex/microtype\microtyp
e.sty
Package: microtype 2025/07/09 v3.2b Micro-typographical refinements (RS)

(C:\Users\PROFESSEUR\AppData\Local\Programs\MiKTeX\tex/latex/etoolbox\etoolbox.
sty
Package: etoolbox 2025/10/02 v2.5m e-TeX tools for LaTeX (JAW)
\etb@tempcnta=\count308
)
\MT@toks=\toks27
\MT@tempbox=\box55
\MT@count=\count309
LaTeX Info: Redefining \noprotrusionifhmode on input line 1087.
LaTeX Info: Redefining \leftprotrusion on input line 1088.
\MT@prot@toks=\toks28
LaTeX Info: Redefining \rightprotrusion on input line 1107.
LaTeX Info: Redefining \textls on input line 1449.
\MT@outer@kern=\dimen178
LaTeX Info: Redefining \microtypecontext on input line 2053.
LaTeX Info: Redefining \textmicrotypecontext on input line 2070.
\MT@listname@count=\count310

(C:\Users\PROFESSEUR\AppData\Local\Programs\MiKTeX\tex/latex/microtype\microtyp
e-pdftex.def
File: microtype-pdftex.def 2025/07/09 v3.2b Definitions specific to pdftex (RS)

LaTeX Info: Redefining \lsstyle on input line 944.
LaTeX Info: Redefining \lslig on input line 944.
\MT@outer@space=\skip54
)
Package microtype Info: Loading configuration file microtype.cfg.

(C:\Users\PROFESSEUR\AppData\Local\Programs\MiKTeX\tex/latex/microtype\microtyp
e.cfg
File: microtype.cfg 2025/07/09 v3.2b microtype main configuration file (RS)
)
LaTeX Info: Redefining \microtypesetup on input line 3065.
)
(C:\Users\PROFESSEUR\AppData\Local\Programs\MiKTeX\tex/latex/parskip\parskip.st
y
Package: parskip 2021-03-14 v2.0h non-zero parskip adjustments

(C:\Users\PROFESSEUR\AppData\Local\Programs\MiKTeX\tex/latex/kvoptions\kvoption
s.sty
Package: kvoptions 2022-06-15 v3.15 Key value format for package options (HO)

(C:\Users\PROFESSEUR\AppData\Local\Programs\MiKTeX\tex/generic/ltxcmds\ltxcmds.
sty
Package: ltxcmds 2023-12-04 v1.26 LaTeX kernel commands for general use (HO)
)
(C:\Users\PROFESSEUR\AppData\Local\Programs\MiKTeX\tex/latex/kvsetkeys\kvsetkey
s.sty
Package: kvsetkeys 2022-10-05 v1.19 Key value parser (HO)
)))
(C:\Users\PROFESSEUR\AppData\Local\Programs\MiKTeX\tex/latex/pgf/frontendlayer\
tikz.sty
(C:\Users\PROFESSEUR\AppData\Local\Programs\MiKTeX\tex/latex/pgf/basiclayer\pgf
.sty
(C:\Users\PROFESSEUR\AppData\Local\Programs\MiKTeX\tex/latex/pgf/utilities\pgfr
cs.sty
(C:\Users\PROFESSEUR\AppData\Local\Programs\MiKTeX\tex/generic/pgf/utilities\pg
futil-common.tex
\pgfutil@everybye=\toks29
\pgfutil@tempdima=\dimen179
\pgfutil@tempdimb=\dimen180
)
(C:\Users\PROFESSEUR\AppData\Local\Programs\MiKTeX\tex/generic/pgf/utilities\pg
futil-latex.def
\pgfutil@abb=\box56
)
(C:\Users\PROFESSEUR\AppData\Local\Programs\MiKTeX\tex/generic/pgf/utilities\pg
frcs.code.tex
(C:\Users\PROFESSEUR\AppData\Local\Programs\MiKTeX\tex/generic/pgf\pgf.revision
.tex)
Package: pgfrcs 2025-08-29 v3.1.11a (3.1.11a)
))
Package: pgf 2025-08-29 v3.1.11a (3.1.11a)

(C:\Users\PROFESSEUR\AppData\Local\Programs\MiKTeX\tex/latex/pgf/basiclayer\pgf
core.sty
(C:\Users\PROFESSEUR\AppData\Local\Programs\MiKTeX\tex/latex/pgf/systemlayer\pg
fsys.sty
(C:\Users\PROFESSEUR\AppData\Local\Programs\MiKTeX\tex/generic/pgf/systemlayer\
pgfsys.code.tex
Package: pgfsys 2025-08-29 v3.1.11a (3.1.11a)

(C:\Users\PROFESSEUR\AppData\Local\Programs\MiKTeX\tex/generic/pgf/utilities\pg
fkeys.code.tex
\pgfkeys@pathtoks=\toks30
\pgfkeys@temptoks=\toks31

(C:\Users\PROFESSEUR\AppData\Local\Programs\MiKTeX\tex/generic/pgf/utilities\pg
fkeyslibraryfiltered.code.tex
\pgfkeys@tmptoks=\toks32
))
\pgf@x=\dimen181
\pgf@y=\dimen182
\pgf@xa=\dimen183
\pgf@ya=\dimen184
\pgf@xb=\dimen185
\pgf@yb=\dimen186
\pgf@xc=\dimen187
\pgf@yc=\dimen188
\pgf@xd=\dimen189
\pgf@yd=\dimen190
\w@pgf@writea=\write3
\r@pgf@reada=\read3
\c@pgf@counta=\count311
\c@pgf@countb=\count312
\c@pgf@countc=\count313
\c@pgf@countd=\count314
\t@pgf@toka=\toks33
\t@pgf@tokb=\toks34
\t@pgf@tokc=\toks35
\pgf@sys@id@count=\count315

(C:\Users\PROFESSEUR\AppData\Local\Programs\MiKTeX\tex/generic/pgf/systemlayer\
pgf.cfg
File: pgf.cfg 2025-08-29 v3.1.11a (3.1.11a)
)
Driver file for pgf: pgfsys-pdftex.def

(C:\Users\PROFESSEUR\AppData\Local\Programs\MiKTeX\tex/generic/pgf/systemlayer\
pgfsys-pdftex.def
File: pgfsys-pdftex.def 2025-08-29 v3.1.11a (3.1.11a)

(C:\Users\PROFESSEUR\AppData\Local\Programs\MiKTeX\tex/generic/pgf/systemlayer\
pgfsys-common-pdf.def
File: pgfsys-common-pdf.def 2025-08-29 v3.1.11a (3.1.11a)
)))
(C:\Users\PROFESSEUR\AppData\Local\Programs\MiKTeX\tex/generic/pgf/systemlayer\
pgfsyssoftpath.code.tex
File: pgfsyssoftpath.code.tex 2025-08-29 v3.1.11a (3.1.11a)
\pgfsyssoftpath@smallbuffer@items=\count316
\pgfsyssoftpath@bigbuffer@items=\count317
)
(C:\Users\PROFESSEUR\AppData\Local\Programs\MiKTeX\tex/generic/pgf/systemlayer\
pgfsysprotocol.code.tex
File: pgfsysprotocol.code.tex 2025-08-29 v3.1.11a (3.1.11a)
))
(C:\Users\PROFESSEUR\AppData\Local\Programs\MiKTeX\tex/latex/xcolor\xcolor.sty
Package: xcolor 2024/09/29 v3.02 LaTeX color extensions (UK)

(C:\Users\PROFESSEUR\AppData\Local\Programs\MiKTeX\tex/latex/graphics-cfg\color
.cfg
File: color.cfg 2016/01/02 v1.6 sample color configuration
)
Package xcolor Info: Driver file: pdftex.def on input line 274.

(C:\Users\PROFESSEUR\AppData\Local\Programs\MiKTeX\tex/latex/graphics\mathcolor
.ltx)
Package xcolor Info: Model `cmy' substituted by `cmy0' on input line 1349.
Package xcolor Info: Model `hsb' substituted by `rgb' on input line 1353.
Package xcolor Info: Model `RGB' extended on input line 1365.
Package xcolor Info: Model `HTML' substituted by `rgb' on input line 1367.
Package xcolor Info: Model `Hsb' substituted by `hsb' on input line 1368.
Package xcolor Info: Model `tHsb' substituted by `hsb' on input line 1369.
Package xcolor Info: Model `HSB' substituted by `hsb' on input line 1370.
Package xcolor Info: Model `Gray' substituted by `gray' on input line 1371.
Package xcolor Info: Model `wave' substituted by `hsb' on input line 1372.
)
(C:\Users\PROFESSEUR\AppData\Local\Programs\MiKTeX\tex/generic/pgf/basiclayer\p
gfcore.code.tex
Package: pgfcore 2025-08-29 v3.1.11a (3.1.11a)

(C:\Users\PROFESSEUR\AppData\Local\Programs\MiKTeX\tex/generic/pgf/math\pgfmath
.code.tex
(C:\Users\PROFESSEUR\AppData\Local\Programs\MiKTeX\tex/generic/pgf/math\pgfmath
util.code.tex)
(C:\Users\PROFESSEUR\AppData\Local\Programs\MiKTeX\tex/generic/pgf/math\pgfmath
parser.code.tex
\pgfmath@dimen=\dimen191
\pgfmath@count=\count318
\pgfmath@box=\box57
\pgfmath@toks=\toks36
\pgfmath@stack@operand=\toks37
\pgfmath@stack@operation=\toks38
)
(C:\Users\PROFESSEUR\AppData\Local\Programs\MiKTeX\tex/generic/pgf/math\pgfmath
functions.code.tex)
(C:\Users\PROFESSEUR\AppData\Local\Programs\MiKTeX\tex/generic/pgf/math\pgfmath
functions.basic.code.tex)
(C:\Users\PROFESSEUR\AppData\Local\Programs\MiKTeX\tex/generic/pgf/math\pgfmath
functions.trigonometric.code.tex)
(C:\Users\PROFESSEUR\AppData\Local\Programs\MiKTeX\tex/generic/pgf/math\pgfmath
functions.random.code.tex)
(C:\Users\PROFESSEUR\AppData\Local\Programs\MiKTeX\tex/generic/pgf/math\pgfmath
functions.comparison.code.tex)
(C:\Users\PROFESSEUR\AppData\Local\Programs\MiKTeX\tex/generic/pgf/math\pgfmath
functions.base.code.tex)
(C:\Users\PROFESSEUR\AppData\Local\Programs\MiKTeX\tex/generic/pgf/math\pgfmath
functions.round.code.tex)
(C:\Users\PROFESSEUR\AppData\Local\Programs\MiKTeX\tex/generic/pgf/math\pgfmath
functions.misc.code.tex)
(C:\Users\PROFESSEUR\AppData\Local\Programs\MiKTeX\tex/generic/pgf/math\pgfmath
functions.integerarithmetics.code.tex)
(C:\Users\PROFESSEUR\AppData\Local\Programs\MiKTeX\tex/generic/pgf/math\pgfmath
calc.code.tex)
(C:\Users\PROFESSEUR\AppData\Local\Programs\MiKTeX\tex/generic/pgf/math\pgfmath
float.code.tex
\c@pgfmathroundto@lastzeros=\count319
))
(C:\Users\PROFESSEUR\AppData\Local\Programs\MiKTeX\tex/generic/pgf/math\pgfint.
code.tex)
(C:\Users\PROFESSEUR\AppData\Local\Programs\MiKTeX\tex/generic/pgf/basiclayer\p
gfcorepoints.code.tex
File: pgfcorepoints.code.tex 2025-08-29 v3.1.11a (3.1.11a)
\pgf@picminx=\dimen192
\pgf@picmaxx=\dimen193
\pgf@picminy=\dimen194
\pgf@picmaxy=\dimen195
\pgf@pathminx=\dimen196
\pgf@pathmaxx=\dimen197
\pgf@pathminy=\dimen198
\pgf@pathmaxy=\dimen199
\pgf@xx=\dimen256
\pgf@xy=\dimen257
\pgf@yx=\dimen258
\pgf@yy=\dimen259
\pgf@zx=\dimen260
\pgf@zy=\dimen261
)
(C:\Users\PROFESSEUR\AppData\Local\Programs\MiKTeX\tex/generic/pgf/basiclayer\p
gfcorepathconstruct.code.tex
File: pgfcorepathconstruct.code.tex 2025-08-29 v3.1.11a (3.1.11a)
\pgf@path@lastx=\dimen262
\pgf@path@lasty=\dimen263
)
(C:\Users\PROFESSEUR\AppData\Local\Programs\MiKTeX\tex/generic/pgf/basiclayer\p
gfcorepathusage.code.tex
File: pgfcorepathusage.code.tex 2025-08-29 v3.1.11a (3.1.11a)
\pgf@shorten@end@additional=\dimen264
\pgf@shorten@start@additional=\dimen265
)
(C:\Users\PROFESSEUR\AppData\Local\Programs\MiKTeX\tex/generic/pgf/basiclayer\p
gfcorescopes.code.tex
File: pgfcorescopes.code.tex 2025-08-29 v3.1.11a (3.1.11a)
\pgfpic=\box58
\pgf@hbox=\box59
\pgf@layerbox@main=\box60
\pgf@picture@serial@count=\count320
)
(C:\Users\PROFESSEUR\AppData\Local\Programs\MiKTeX\tex/generic/pgf/basiclayer\p
gfcoregraphicstate.code.tex
File: pgfcoregraphicstate.code.tex 2025-08-29 v3.1.11a (3.1.11a)
\pgflinewidth=\dimen266
)
(C:\Users\PROFESSEUR\AppData\Local\Programs\MiKTeX\tex/generic/pgf/basiclayer\p
gfcoretransformations.code.tex
File: pgfcoretransformations.code.tex 2025-08-29 v3.1.11a (3.1.11a)
\pgf@pt@x=\dimen267
\pgf@pt@y=\dimen268
\pgf@pt@temp=\dimen269
)
(C:\Users\PROFESSEUR\AppData\Local\Programs\MiKTeX\tex/generic/pgf/basiclayer\p
gfcorequick.code.tex
File: pgfcorequick.code.tex 2025-08-29 v3.1.11a (3.1.11a)
)
(C:\Users\PROFESSEUR\AppData\Local\Programs\MiKTeX\tex/generic/pgf/basiclayer\p
gfcoreobjects.code.tex
File: pgfcoreobjects.code.tex 2025-08-29 v3.1.11a (3.1.11a)
)
(C:\Users\PROFESSEUR\AppData\Local\Programs\MiKTeX\tex/generic/pgf/basiclayer\p
gfcorepathprocessing.code.tex
File: pgfcorepathprocessing.code.tex 2025-08-29 v3.1.11a (3.1.11a)
)
(C:\Users\PROFESSEUR\AppData\Local\Programs\MiKTeX\tex/generic/pgf/basiclayer\p
gfcorearrows.code.tex
File: pgfcorearrows.code.tex 2025-08-29 v3.1.11a (3.1.11a)
\pgfarrowsep=\dimen270
)
(C:\Users\PROFESSEUR\AppData\Local\Programs\MiKTeX\tex/generic/pgf/basiclayer\p
gfcoreshade.code.tex
File: pgfcoreshade.code.tex 2025-08-29 v3.1.11a (3.1.11a)
\pgf@max=\dimen271
\pgf@sys@shading@range@num=\count321
\pgf@shadingcount=\count322
)
(C:\Users\PROFESSEUR\AppData\Local\Programs\MiKTeX\tex/generic/pgf/basiclayer\p
gfcoreimage.code.tex
File: pgfcoreimage.code.tex 2025-08-29 v3.1.11a (3.1.11a)
)
(C:\Users\PROFESSEUR\AppData\Local\Programs\MiKTeX\tex/generic/pgf/basiclayer\p
gfcoreexternal.code.tex
File: pgfcoreexternal.code.tex 2025-08-29 v3.1.11a (3.1.11a)
\pgfexternal@startupbox=\box61
)
(C:\Users\PROFESSEUR\AppData\Local\Programs\MiKTeX\tex/generic/pgf/basiclayer\p
gfcorelayers.code.tex
File: pgfcorelayers.code.tex 2025-08-29 v3.1.11a (3.1.11a)
)
(C:\Users\PROFESSEUR\AppData\Local\Programs\MiKTeX\tex/generic/pgf/basiclayer\p
gfcoretransparency.code.tex
File: pgfcoretransparency.code.tex 2025-08-29 v3.1.11a (3.1.11a)
)
(C:\Users\PROFESSEUR\AppData\Local\Programs\MiKTeX\tex/generic/pgf/basiclayer\p
gfcorepatterns.code.tex
File: pgfcorepatterns.code.tex 2025-08-29 v3.1.11a (3.1.11a)
)
(C:\Users\PROFESSEUR\AppData\Local\Programs\MiKTeX\tex/generic/pgf/basiclayer\p
gfcorerdf.code.tex
File: pgfcorerdf.code.tex 2025-08-29 v3.1.11a (3.1.11a)
)))
(C:\Users\PROFESSEUR\AppData\Local\Programs\MiKTeX\tex/generic/pgf/modules\pgfm
oduleshapes.code.tex
File: pgfmoduleshapes.code.tex 2025-08-29 v3.1.11a (3.1.11a)
\pgfnodeparttextbox=\box62
)
(C:\Users\PROFESSEUR\AppData\Local\Programs\MiKTeX\tex/generic/pgf/modules\pgfm
oduleplot.code.tex
File: pgfmoduleplot.code.tex 2025-08-29 v3.1.11a (3.1.11a)
)
(C:\Users\PROFESSEUR\AppData\Local\Programs\MiKTeX\tex/latex/pgf/compatibility\
pgfcomp-version-0-65.sty
Package: pgfcomp-version-0-65 2025-08-29 v3.1.11a (3.1.11a)
\pgf@nodesepstart=\dimen272
\pgf@nodesepend=\dimen273
)
(C:\Users\PROFESSEUR\AppData\Local\Programs\MiKTeX\tex/latex/pgf/compatibility\
pgfcomp-version-1-18.sty
Package: pgfcomp-version-1-18 2025-08-29 v3.1.11a (3.1.11a)
))
(C:\Users\PROFESSEUR\AppData\Local\Programs\MiKTeX\tex/latex/pgf/utilities\pgff
or.sty
(C:\Users\PROFESSEUR\AppData\Local\Programs\MiKTeX\tex/latex/pgf/utilities\pgfk
eys.sty
(C:\Users\PROFESSEUR\AppData\Local\Programs\MiKTeX\tex/generic/pgf/utilities\pg
fkeys.code.tex))
(C:\Users\PROFESSEUR\AppData\Local\Programs\MiKTeX\tex/latex/pgf/math\pgfmath.s
ty
(C:\Users\PROFESSEUR\AppData\Local\Programs\MiKTeX\tex/generic/pgf/math\pgfmath
.code.tex))
(C:\Users\PROFESSEUR\AppData\Local\Programs\MiKTeX\tex/generic/pgf/utilities\pg
ffor.code.tex
Package: pgffor 2025-08-29 v3.1.11a (3.1.11a)
\pgffor@iter=\dimen274
\pgffor@skip=\dimen275
\pgffor@stack=\toks39
\pgffor@toks=\toks40
))
(C:\Users\PROFESSEUR\AppData\Local\Programs\MiKTeX\tex/generic/pgf/frontendlaye
r/tikz\tikz.code.tex
Package: tikz 2025-08-29 v3.1.11a (3.1.11a)

(C:\Users\PROFESSEUR\AppData\Local\Programs\MiKTeX\tex/generic/pgf/libraries\pg
flibraryplothandlers.code.tex
File: pgflibraryplothandlers.code.tex 2025-08-29 v3.1.11a (3.1.11a)
\pgf@plot@mark@count=\count323
\pgfplotmarksize=\dimen276
)
\tikz@lastx=\dimen277
\tikz@lasty=\dimen278
\tikz@lastxsaved=\dimen279
\tikz@lastysaved=\dimen280
\tikz@lastmovetox=\dimen281
\tikz@lastmovetoy=\dimen282
\tikzleveldistance=\dimen283
\tikzsiblingdistance=\dimen284
\tikz@figbox=\box63
\tikz@figbox@bg=\box64
\tikz@tempbox=\box65
\tikz@tempbox@bg=\box66
\tikztreelevel=\count324
\tikznumberofchildren=\count325
\tikznumberofcurrentchild=\count326
\tikz@fig@count=\count327

(C:\Users\PROFESSEUR\AppData\Local\Programs\MiKTeX\tex/generic/pgf/modules\pgfm
odulematrix.code.tex
File: pgfmodulematrix.code.tex 2025-08-29 v3.1.11a (3.1.11a)
\pgfmatrixcurrentrow=\count328
\pgfmatrixcurrentcolumn=\count329
\pgf@matrix@numberofcolumns=\count330
)
\tikz@expandcount=\count331

(C:\Users\PROFESSEUR\AppData\Local\Programs\MiKTeX\tex/generic/pgf/frontendlaye
r/tikz/libraries\tikzlibrarytopaths.code.tex
File: tikzlibrarytopaths.code.tex 2025-08-29 v3.1.11a (3.1.11a)
)))
(C:\Users\PROFESSEUR\AppData\Local\Programs\MiKTeX\tex/latex/pgfgantt\pgfgantt.
sty
Package: pgfgantt 2024/06/19 v5.0a Draw Gantt diagrams with TikZ

(C:\Users\PROFESSEUR\AppData\Local\Programs\MiKTeX\tex/generic/pgf/frontendlaye
r/tikz/libraries\tikzlibraryarrows.code.tex
File: tikzlibraryarrows.code.tex 2025-08-29 v3.1.11a (3.1.11a)

(C:\Users\PROFESSEUR\AppData\Local\Programs\MiKTeX\tex/generic/pgf/libraries\pg
flibraryarrows.code.tex
File: pgflibraryarrows.code.tex 2025-08-29 v3.1.11a (3.1.11a)
\arrowsize=\dimen285
))
(C:\Users\PROFESSEUR\AppData\Local\Programs\MiKTeX\tex/generic/pgf/frontendlaye
r/tikz/libraries\tikzlibrarybackgrounds.code.tex
File: tikzlibrarybackgrounds.code.tex 2025-08-29 v3.1.11a (3.1.11a)
\pgf@layerbox@background=\box67
\pgf@layerboxsaved@background=\box68
)
(C:\Users\PROFESSEUR\AppData\Local\Programs\MiKTeX\tex/generic/pgf/frontendlaye
r/tikz/libraries\tikzlibrarycalc.code.tex
File: tikzlibrarycalc.code.tex 2025-08-29 v3.1.11a (3.1.11a)
)
(C:\Users\PROFESSEUR\AppData\Local\Programs\MiKTeX\tex/generic/pgf/frontendlaye
r/tikz/libraries\tikzlibrarypatterns.code.tex
File: tikzlibrarypatterns.code.tex 2025-08-29 v3.1.11a (3.1.11a)

(C:\Users\PROFESSEUR\AppData\Local\Programs\MiKTeX\tex/generic/pgf/libraries\pg
flibrarypatterns.code.tex
File: pgflibrarypatterns.code.tex 2025-08-29 v3.1.11a (3.1.11a)
))
(C:\Users\PROFESSEUR\AppData\Local\Programs\MiKTeX\tex/generic/pgf/frontendlaye
r/tikz/libraries\tikzlibrarypositioning.code.tex
File: tikzlibrarypositioning.code.tex 2025-08-29 v3.1.11a (3.1.11a)
)
(C:\Users\PROFESSEUR\AppData\Local\Programs\MiKTeX\tex/generic/pgf/frontendlaye
r/tikz/libraries\tikzlibraryshapes.geometric.code.tex
File: tikzlibraryshapes.geometric.code.tex 2025-08-29 v3.1.11a (3.1.11a)

(C:\Users\PROFESSEUR\AppData\Local\Programs\MiKTeX\tex/generic/pgf/libraries/sh
apes\pgflibraryshapes.geometric.code.tex
File: pgflibraryshapes.geometric.code.tex 2025-08-29 v3.1.11a (3.1.11a)
))
(C:\Users\PROFESSEUR\AppData\Local\Programs\MiKTeX\tex/latex/pgf/utilities\pgfc
alendar.sty
(C:\Users\PROFESSEUR\AppData\Local\Programs\MiKTeX\tex/generic/pgf/utilities\pg
fcalendar.code.tex
File: pgfcalendar.code.tex 2025-08-29 v3.1.11a (3.1.11a)
\pgfcalendarcurrentjulian=\count332
\pgf@cal@easter@Y=\count333
\pgf@cal@easter@G=\count334
\pgf@cal@easter@C=\count335
\pgf@cal@easter@X=\count336
\pgf@cal@easter@Z=\count337
\pgf@cal@easter@D=\count338
\pgf@cal@easter@E=\count339
\pgf@cal@easter@N=\count340
\pgf@cal@easter@M=\count341
\pgf@cal@easter@julianday=\count342
))
\gtt@currentline=\count343
\gtt@lasttitleline=\count344
\gtt@currgrid=\count345
\gtt@chartwidth=\count346
\gtt@lasttitleslot=\count347
\gtt@elementid=\count348
\gtt@today@slot=\count349
\gtt@startjulian=\count350
\gtt@endjulian=\count351
\gtt@chartid=\count352
\gtt@vrule@slot=\count353
\gtt@calendar@slots=\count354
\gtt@calendar@weeknumber=\count355
\gtt@calendar@startofweek=\count356
\gtt@left@slot=\count357
\gtt@right@slot=\count358
)
(C:\Users\PROFESSEUR\AppData\Local\Programs\MiKTeX\tex/latex/circuitikz\circuit
ikz.sty
Package: circuitikz 2026/02/04{} The CircuiTikz circuit drawing package version
 1.8.5

(C:\Users\PROFESSEUR\AppData\Local\Programs\MiKTeX\tex/generic/pgf/libraries\pg
flibraryarrows.meta.code.tex
File: pgflibraryarrows.meta.code.tex 2025-08-29 v3.1.11a (3.1.11a)
\pgfarrowinset=\dimen286
\pgfarrowlength=\dimen287
\pgfarrowwidth=\dimen288
\pgfarrowlinewidth=\dimen289
)
(C:\Users\PROFESSEUR\AppData\Local\Programs\MiKTeX\tex/generic/pgf/frontendlaye
r/tikz/libraries\tikzlibrarybending.code.tex
File: tikzlibrarybending.code.tex 2025-08-29 v3.1.11a (3.1.11a)

(C:\Users\PROFESSEUR\AppData\Local\Programs\MiKTeX\tex/generic/pgf/modules\pgfm
odulebending.code.tex
File: pgfmodulebending.code.tex 2025-08-29 v3.1.11a (3.1.11a)

(C:\Users\PROFESSEUR\AppData\Local\Programs\MiKTeX\tex/generic/pgf/modules\pgfm
odulenonlineartransformations.code.tex
File: pgfmodulenonlineartransformations.code.tex 2025-08-29 v3.1.11a (3.1.11a)
\pgftransformnonlinearflatness=\dimen290
)
(C:\Users\PROFESSEUR\AppData\Local\Programs\MiKTeX\tex/generic/pgf/libraries\pg
flibrarycurvilinear.code.tex
File: pgflibrarycurvilinear.code.tex 2025-08-29 v3.1.11a (3.1.11a)
\pgf@curvilinear@time@a=\dimen291
\pgf@curvilinear@length@a=\dimen292
\pgf@curvilinear@length@b=\dimen293
\pgf@curvilinear@length@c=\dimen294
\pgf@curvilinear@length@d=\dimen295
)
\pgf@arrows@the@rigidity=\dimen296
))
(C:\Users\PROFESSEUR\AppData\Local\Programs\MiKTeX\tex/generic/pgf/frontendlaye
r/tikz/libraries\tikzlibraryfpu.code.tex
(C:\Users\PROFESSEUR\AppData\Local\Programs\MiKTeX\tex/generic/pgf/libraries\pg
flibraryfpu.code.tex))
(C:\Users\PROFESSEUR\AppData\Local\Programs\MiKTeX\tex/generic/circuitikz\pgfci
rc.defines.tex
\pgf@circ@count@a=\count359
\pgf@circ@count@b=\count360
\pgf@circ@count@c=\count361
\pgf@circ@res@up=\dimen297
\pgf@circ@res@down=\dimen298
\pgf@circ@res@zero=\dimen299
\pgf@circ@res@left=\dimen300
\pgf@circ@res@right=\dimen301
\pgf@circ@res@other=\dimen302
\pgf@circ@res@step=\dimen303
\pgf@circ@res@temp=\dimen304
\pgf@circ@Rlen=\dimen305
\pgf@circ@scaled@Rlen=\dimen306
\pgfstartlinewidth=\dimen307
)
(C:\Users\PROFESSEUR\AppData\Local\Programs\MiKTeX\tex/generic/circuitikz\pgfci
rcutils.tex
\ctikz@scratchbox=\box69
)
(C:\Users\PROFESSEUR\AppData\Local\Programs\MiKTeX\tex/generic/circuitikz\pgfci
rcpath.tex
\ctikz@vif@count=\count362
)
(C:\Users\PROFESSEUR\AppData\Local\Programs\MiKTeX\tex/generic/circuitikz\pgfci
rcshapes.tex)
(C:\Users\PROFESSEUR\AppData\Local\Programs\MiKTeX\tex/generic/circuitikz\pgfci
rcmonopoles.tex)
(C:\Users\PROFESSEUR\AppData\Local\Programs\MiKTeX\tex/generic/circuitikz\pgfci
rcbipoles.tex)
(C:\Users\PROFESSEUR\AppData\Local\Programs\MiKTeX\tex/generic/circuitikz\pgfci
rctripoles.tex
\pgf@circ@res@count=\count363
)
(C:\Users\PROFESSEUR\AppData\Local\Programs\MiKTeX\tex/generic/circuitikz\pgfci
rcquadpoles.tex)
(C:\Users\PROFESSEUR\AppData\Local\Programs\MiKTeX\tex/generic/circuitikz\pgfci
rcmultipoles.tex)
(C:\Users\PROFESSEUR\AppData\Local\Programs\MiKTeX\tex/generic/circuitikz\pgfci
rclabel.tex)
(C:\Users\PROFESSEUR\AppData\Local\Programs\MiKTeX\tex/generic/circuitikz\pgfci
rcvoltage.tex
\pgfcirc@labelshift=\dimen308
)
(C:\Users\PROFESSEUR\AppData\Local\Programs\MiKTeX\tex/generic/circuitikz\pgfci
rccurrent.tex)
(C:\Users\PROFESSEUR\AppData\Local\Programs\MiKTeX\tex/generic/circuitikz\pgfci
rcflow.tex))
(C:\Users\PROFESSEUR\AppData\Local\Programs\MiKTeX\tex/generic/pgf/frontendlaye
r/tikz/libraries\tikzlibraryfit.code.tex
File: tikzlibraryfit.code.tex 2025-08-29 v3.1.11a (3.1.11a)
)
(C:\Users\PROFESSEUR\AppData\Local\Programs\MiKTeX\tex/latex/tools\longtable.st
y
Package: longtable 2025-10-13 v4.24 Multi-page Table package (DPC)
\LTleft=\skip55
\LTright=\skip56
\LTpre=\skip57
\LTpost=\skip58
\LTchunksize=\count364
\LTcapwidth=\dimen309
\LT@head=\box70
\LT@firsthead=\box71
\LT@foot=\box72
\LT@lastfoot=\box73
\LT@gbox=\box74
\LT@cols=\count365
\LT@rows=\count366
\c@LT@tables=\count367
\c@LT@chunks=\count368
\LT@p@ftn=\toks41
)
(C:\Users\PROFESSEUR\AppData\Local\Programs\MiKTeX\tex/latex/colortbl\colortbl.
sty
Package: colortbl 2024/10/29 v1.0k Color table columns (DPC)

(C:\Users\PROFESSEUR\AppData\Local\Programs\MiKTeX\tex/latex/tools\array.sty
Package: array 2025/09/25 v2.6n Tabular extension package (FMi)
\col@sep=\dimen310
\ar@mcellbox=\box75
\extrarowheight=\dimen311
\NC@list=\toks42
\extratabsurround=\skip59
\backup@length=\skip60
\ar@cellbox=\box76
)
\everycr=\toks43
\minrowclearance=\skip61
\rownum=\count369
)

LaTeX Warning: Package "xcolor" has already been loaded: ignoring load-time
(LaTeX)        option "xcdraw".


(C:\Users\PROFESSEUR\AppData\Local\Programs\MiKTeX\tex/latex/tcolorbox\tcolorbo
x.sty
Package: tcolorbox 2025/11/28 version 6.9.0 text color boxes

(C:\Users\PROFESSEUR\AppData\Local\Programs\MiKTeX\tex/latex/tools\verbatim.sty
Package: verbatim 2024-01-22 v1.5x LaTeX2e package for verbatim enhancements
\every@verbatim=\toks44
\verbatim@line=\toks45
\verbatim@in@stream=\read4
)
(C:\Users\PROFESSEUR\AppData\Local\Programs\MiKTeX\tex/latex/environ\environ.st
y
Package: environ 2014/05/04 v0.3 A new way to define environments

(C:\Users\PROFESSEUR\AppData\Local\Programs\MiKTeX\tex/latex/trimspaces\trimspa
ces.sty
Package: trimspaces 2009/09/17 v1.1 Trim spaces around a token list
))
\tcb@titlebox=\box77
\tcb@upperbox=\box78
\tcb@lowerbox=\box79
\tcb@phantombox=\box80
\c@tcbbreakpart=\count370
\c@tcblayer=\count371
\c@tcolorbox@number=\count372
\l__tcobox_tmpa_box=\box81
\l__tcobox_tmpa_dim=\dimen312
\tcb@temp=\box82
\tcb@temp=\box83
\tcb@temp=\box84
\tcb@temp=\box85
)
(C:\Users\PROFESSEUR\AppData\Local\Programs\MiKTeX\tex/latex/enumitem\enumitem.
sty
Package: enumitem 2025/02/06 v3.11 Customized lists
\labelindent=\skip62
\enit@outerparindent=\dimen313
\enit@toks=\toks46
\enit@inbox=\box86
\enit@count@id=\count373
\enitdp@description=\count374
)
(C:\Users\PROFESSEUR\AppData\Local\Programs\MiKTeX\tex/latex/titlesec\titlesec.
sty
Package: titlesec 2025/01/04 v2.17 Sectioning titles
\ttl@box=\box87
\beforetitleunit=\skip63
\aftertitleunit=\skip64
\ttl@plus=\dimen314
\ttl@minus=\dimen315
\ttl@toksa=\toks47
\titlewidth=\dimen316
\titlewidthlast=\dimen317
\titlewidthfirst=\dimen318
)
(C:\Users\PROFESSEUR\AppData\Local\Programs\MiKTeX\tex/latex/tocloft\tocloft.st
y
Package: tocloft 2017/08/31 v2.3i parameterised ToC, etc., typesetting
Package tocloft Info: The document has chapter divisions on input line 51.
\cftparskip=\skip65
\cftbeforetoctitleskip=\skip66
\cftaftertoctitleskip=\skip67
\cftbeforepartskip=\skip68
\cftpartnumwidth=\skip69
\cftpartindent=\skip70
\cftbeforechapskip=\skip71
\cftchapindent=\skip72
\cftchapnumwidth=\skip73
\cftbeforesecskip=\skip74
\cftsecindent=\skip75
\cftsecnumwidth=\skip76
\cftbeforesubsecskip=\skip77
\cftsubsecindent=\skip78
\cftsubsecnumwidth=\skip79
\cftbeforesubsubsecskip=\skip80
\cftsubsubsecindent=\skip81
\cftsubsubsecnumwidth=\skip82
\cftbeforeparaskip=\skip83
\cftparaindent=\skip84
\cftparanumwidth=\skip85
\cftbeforesubparaskip=\skip86
\cftsubparaindent=\skip87
\cftsubparanumwidth=\skip88
\cftbeforeloftitleskip=\skip89
\cftafterloftitleskip=\skip90
\cftbeforefigskip=\skip91
\cftfigindent=\skip92
\cftfignumwidth=\skip93
\c@lofdepth=\count375
\c@lotdepth=\count376
\cftbeforelottitleskip=\skip94
\cftafterlottitleskip=\skip95
\cftbeforetabskip=\skip96
\cfttabindent=\skip97
\cfttabnumwidth=\skip98


Package tocloft Warning: \@starttoc has already been redefined; tocloft bailing
 out. on input line 1156.

)
(C:\Users\PROFESSEUR\AppData\Local\Programs\MiKTeX\tex/latex/hyperref\hyperref.
sty
Package: hyperref 2025-07-12 v7.01o Hypertext links for LaTeX

(C:\Users\PROFESSEUR\AppData\Local\Programs\MiKTeX\tex/generic/kvdefinekeys\kvd
efinekeys.sty
Package: kvdefinekeys 2019-12-19 v1.6 Define keys (HO)
)
(C:\Users\PROFESSEUR\AppData\Local\Programs\MiKTeX\tex/generic/pdfescape\pdfesc
ape.sty
Package: pdfescape 2019/12/09 v1.15 Implements pdfTeX's escape features (HO)

(C:\Users\PROFESSEUR\AppData\Local\Programs\MiKTeX\tex/generic/pdftexcmds\pdfte
xcmds.sty
Package: pdftexcmds 2020-06-27 v0.33 Utility functions of pdfTeX for LuaTeX (HO
)

(C:\Users\PROFESSEUR\AppData\Local\Programs\MiKTeX\tex/generic/infwarerr\infwar
err.sty
Package: infwarerr 2019/12/03 v1.5 Providing info/warning/error messages (HO)
)
Package pdftexcmds Info: \pdf@primitive is available.
Package pdftexcmds Info: \pdf@ifprimitive is available.
Package pdftexcmds Info: \pdfdraftmode found.
))
(C:\Users\PROFESSEUR\AppData\Local\Programs\MiKTeX\tex/latex/hycolor\hycolor.st
y
Package: hycolor 2020-01-27 v1.10 Color options for hyperref/bookmark (HO)
)
(C:\Users\PROFESSEUR\AppData\Local\Programs\MiKTeX\tex/latex/hyperref\nameref.s
ty
Package: nameref 2025-06-21 v2.57 Cross-referencing by name of section

(C:\Users\PROFESSEUR\AppData\Local\Programs\MiKTeX\tex/latex/refcount\refcount.
sty
Package: refcount 2019/12/15 v3.6 Data extraction from label references (HO)
)
(C:\Users\PROFESSEUR\AppData\Local\Programs\MiKTeX\tex/generic/gettitlestring\g
ettitlestring.sty
Package: gettitlestring 2019/12/15 v1.6 Cleanup title references (HO)
)
\c@section@level=\count377
)
(C:\Users\PROFESSEUR\AppData\Local\Programs\MiKTeX\tex/generic/stringenc\string
enc.sty
Package: stringenc 2019/11/29 v1.12 Convert strings between diff. encodings (HO
)
)
\@linkdim=\dimen319
\Hy@linkcounter=\count378
\Hy@pagecounter=\count379

(C:\Users\PROFESSEUR\AppData\Local\Programs\MiKTeX\tex/latex/hyperref\pd1enc.de
f
File: pd1enc.def 2025-07-12 v7.01o Hyperref: PDFDocEncoding definition (HO)
Now handling font encoding PD1 ...
... no UTF-8 mapping file for font encoding PD1
)
(C:\Users\PROFESSEUR\AppData\Local\Programs\MiKTeX\tex/generic/intcalc\intcalc.
sty
Package: intcalc 2019/12/15 v1.3 Expandable calculations with integers (HO)
)
\Hy@SavedSpaceFactor=\count380

(C:\Users\PROFESSEUR\AppData\Local\Programs\MiKTeX\tex/latex/hyperref\puenc.def
File: puenc.def 2025-07-12 v7.01o Hyperref: PDF Unicode definition (HO)
Now handling font encoding PU ...
... no UTF-8 mapping file for font encoding PU
)
Package hyperref Info: Option `colorlinks' set `true' on input line 4066.
Package hyperref Info: Hyper figures OFF on input line 4195.
Package hyperref Info: Link nesting OFF on input line 4200.
Package hyperref Info: Hyper index ON on input line 4203.
Package hyperref Info: Plain pages OFF on input line 4210.
Package hyperref Info: Backreferencing OFF on input line 4215.
Package hyperref Info: Implicit mode ON; LaTeX internals redefined.
Package hyperref Info: Bookmarks ON on input line 4462.
\c@Hy@tempcnt=\count381
 (C:\Users\PROFESSEUR\AppData\Local\Programs\MiKTeX\tex/latex/url\url.sty
\Urlmuskip=\muskip18
Package: url 2013/09/16  ver 3.4  Verb mode for urls, etc.
)
LaTeX Info: Redefining \url on input line 4801.
\XeTeXLinkMargin=\dimen320

(C:\Users\PROFESSEUR\AppData\Local\Programs\MiKTeX\tex/generic/bitset\bitset.st
y
Package: bitset 2019/12/09 v1.3 Handle bit-vector datatype (HO)

(C:\Users\PROFESSEUR\AppData\Local\Programs\MiKTeX\tex/generic/bigintcalc\bigin
tcalc.sty
Package: bigintcalc 2019/12/15 v1.5 Expandable calculations on big integers (HO
)
))
\Fld@menulength=\count382
\Field@Width=\dimen321
\Fld@charsize=\dimen322
Package hyperref Info: Hyper figures OFF on input line 6078.
Package hyperref Info: Link nesting OFF on input line 6083.
Package hyperref Info: Hyper index ON on input line 6086.
Package hyperref Info: backreferencing OFF on input line 6093.
Package hyperref Info: Link coloring ON on input line 6096.
Package hyperref Info: Link coloring with OCG OFF on input line 6103.
Package hyperref Info: PDF/A mode OFF on input line 6108.
\Hy@abspage=\count383
\c@Item=\count384
\c@Hfootnote=\count385
)
Package hyperref Info: Driver (autodetected): hpdftex.

(C:\Users\PROFESSEUR\AppData\Local\Programs\MiKTeX\tex/latex/hyperref\hpdftex.d
ef
File: hpdftex.def 2025-07-12 v7.01o Hyperref driver for pdfTeX
\Fld@listcount=\count386
\c@bookmark@seq@number=\count387

(C:\Users\PROFESSEUR\AppData\Local\Programs\MiKTeX\tex/latex/rerunfilecheck\rer
unfilecheck.sty
Package: rerunfilecheck 2025-06-21 v1.11 Rerun checks for auxiliary files (HO)

(C:\Users\PROFESSEUR\AppData\Local\Programs\MiKTeX\tex/generic/uniquecounter\un
iquecounter.sty
Package: uniquecounter 2019/12/15 v1.4 Provide unlimited unique counter (HO)
)
Package uniquecounter Info: New unique counter `rerunfilecheck' on input line 2
84.
)
\Hy@SectionHShift=\skip99
)
(C:\Users\PROFESSEUR\AppData\Local\Programs\MiKTeX\tex/latex/booktabs\booktabs.
sty
Package: booktabs 2020/01/12 v1.61803398 Publication quality tables
\heavyrulewidth=\dimen323
\lightrulewidth=\dimen324
\cmidrulewidth=\dimen325
\belowrulesep=\dimen326
\belowbottomsep=\dimen327
\aboverulesep=\dimen328
\abovetopsep=\dimen329
\cmidrulesep=\dimen330
\cmidrulekern=\dimen331
\defaultaddspace=\dimen332
\@cmidla=\count388
\@cmidlb=\count389
\@aboverulesep=\dimen333
\@belowrulesep=\dimen334
\@thisruleclass=\count390
\@lastruleclass=\count391
\@thisrulewidth=\dimen335
)
(C:\Users\PROFESSEUR\AppData\Local\Programs\MiKTeX\tex/latex/multirow\multirow.
sty
Package: multirow 2024/11/12 v2.9 Span multiple rows of a table
\multirow@colwidth=\skip100
\multirow@cntb=\count392
\multirow@dima=\skip101
\bigstrutjot=\dimen336
)
(C:\Users\PROFESSEUR\AppData\Local\Programs\MiKTeX\tex/latex/pgfplots\pgfplots.
sty
(C:\Users\PROFESSEUR\AppData\Local\Programs\MiKTeX\tex/generic/pgfplots\pgfplot
s.revision.tex)
Package: pgfplots 2021/05/15 v1.18.1 Data Visualization (1.18.1)

(C:\Users\PROFESSEUR\AppData\Local\Programs\MiKTeX\tex/generic/pgfplots\pgfplot
s.code.tex
(C:\Users\PROFESSEUR\AppData\Local\Programs\MiKTeX\tex/generic/pgfplots\pgfplot
score.code.tex
\t@pgfplots@toka=\toks48
\t@pgfplots@tokb=\toks49
\t@pgfplots@tokc=\toks50
\pgfplots@tmpa=\dimen337
\c@pgfplots@coordindex=\count393
\c@pgfplots@scanlineindex=\count394

(C:\Users\PROFESSEUR\AppData\Local\Programs\MiKTeX\tex/generic/pgfplots/sys\pgf
plotssysgeneric.code.tex))
(C:\Users\PROFESSEUR\AppData\Local\Programs\MiKTeX\tex/generic/pgfplots/libs\pg
fplotslibrary.code.tex)
(C:\Users\PROFESSEUR\AppData\Local\Programs\MiKTeX\tex/generic/pgfplots/oldpgfc
ompatib\pgfplotsoldpgfsupp_loader.code.tex
Package pgfplots: loading complementary utilities for your pgf version...
\t@pgf@toka=\toks51
\t@pgf@tokb=\toks52
\t@pgf@tokc=\toks53

(C:\Users\PROFESSEUR\AppData\Local\Programs\MiKTeX\tex/generic/pgfplots/oldpgfc
ompatib\pgfplotsoldpgfsupp_pgfutil-common-lists.tex))
(C:\Users\PROFESSEUR\AppData\Local\Programs\MiKTeX\tex/generic/pgfplots/util\pg
fplotsutil.code.tex
(C:\Users\PROFESSEUR\AppData\Local\Programs\MiKTeX\tex/generic/pgfplots/liststr
ucture\pgfplotsliststructure.code.tex)
(C:\Users\PROFESSEUR\AppData\Local\Programs\MiKTeX\tex/generic/pgfplots/liststr
ucture\pgfplotsliststructureext.code.tex)
(C:\Users\PROFESSEUR\AppData\Local\Programs\MiKTeX\tex/generic/pgfplots/liststr
ucture\pgfplotsarray.code.tex
\c@pgfplotsarray@tmp=\count395
)
(C:\Users\PROFESSEUR\AppData\Local\Programs\MiKTeX\tex/generic/pgfplots/liststr
ucture\pgfplotsmatrix.code.tex)
(C:\Users\PROFESSEUR\AppData\Local\Programs\MiKTeX\tex/generic/pgfplots/numtabl
e\pgfplotstableshared.code.tex
\c@pgfplotstable@counta=\count396
\t@pgfplotstable@a=\toks54
)
(C:\Users\PROFESSEUR\AppData\Local\Programs\MiKTeX\tex/generic/pgfplots/liststr
ucture\pgfplotsdeque.code.tex)
(C:\Users\PROFESSEUR\AppData\Local\Programs\MiKTeX\tex/generic/pgfplots/util\pg
fplotsbinary.code.tex
(C:\Users\PROFESSEUR\AppData\Local\Programs\MiKTeX\tex/generic/pgfplots/util\pg
fplotsbinary.data.code.tex))
(C:\Users\PROFESSEUR\AppData\Local\Programs\MiKTeX\tex/generic/pgfplots/util\pg
fplotsutil.verb.code.tex)
(C:\Users\PROFESSEUR\AppData\Local\Programs\MiKTeX\tex/generic/pgfplots/libs\pg
flibrarypgfplots.surfshading.code.tex
\c@pgfplotslibrarysurf@no=\count397

(C:\Users\PROFESSEUR\AppData\Local\Programs\MiKTeX\tex/generic/pgfplots/sys\pgf
librarypgfplots.surfshading.pgfsys-pdftex.def)))
(C:\Users\PROFESSEUR\AppData\Local\Programs\MiKTeX\tex/generic/pgfplots/util\pg
fplotscolormap.code.tex
(C:\Users\PROFESSEUR\AppData\Local\Programs\MiKTeX\tex/generic/pgfplots/util\pg
fplotscolor.code.tex))
(C:\Users\PROFESSEUR\AppData\Local\Programs\MiKTeX\tex/generic/pgfplots\pgfplot
sstackedplots.code.tex)
(C:\Users\PROFESSEUR\AppData\Local\Programs\MiKTeX\tex/generic/pgfplots\pgfplot
splothandlers.code.tex
(C:\Users\PROFESSEUR\AppData\Local\Programs\MiKTeX\tex/generic/pgfplots\pgfplot
smeshplothandler.code.tex
(C:\Users\PROFESSEUR\AppData\Local\Programs\MiKTeX\tex/generic/pgfplots\pgfplot
smeshplotimage.code.tex)))
(C:\Users\PROFESSEUR\AppData\Local\Programs\MiKTeX\tex/generic/pgfplots\pgfplot
s.scaling.code.tex)
(C:\Users\PROFESSEUR\AppData\Local\Programs\MiKTeX\tex/generic/pgfplots\pgfplot
scoordprocessing.code.tex)
(C:\Users\PROFESSEUR\AppData\Local\Programs\MiKTeX\tex/generic/pgfplots\pgfplot
s.errorbars.code.tex)
(C:\Users\PROFESSEUR\AppData\Local\Programs\MiKTeX\tex/generic/pgfplots\pgfplot
s.markers.code.tex)
(C:\Users\PROFESSEUR\AppData\Local\Programs\MiKTeX\tex/generic/pgfplots\pgfplot
sticks.code.tex)
(C:\Users\PROFESSEUR\AppData\Local\Programs\MiKTeX\tex/generic/pgfplots\pgfplot
s.paths.code.tex)
(C:\Users\PROFESSEUR\AppData\Local\Programs\MiKTeX\tex/generic/pgf/frontendlaye
r/tikz/libraries\tikzlibrarydecorations.code.tex
(C:\Users\PROFESSEUR\AppData\Local\Programs\MiKTeX\tex/generic/pgf/modules\pgfm
oduledecorations.code.tex
\pgfdecoratedcompleteddistance=\dimen338
\pgfdecoratedremainingdistance=\dimen339
\pgfdecoratedinputsegmentcompleteddistance=\dimen340
\pgfdecoratedinputsegmentremainingdistance=\dimen341
\pgf@decorate@distancetomove=\dimen342
\pgf@decorate@repeatstate=\count398
\pgfdecorationsegmentamplitude=\dimen343
\pgfdecorationsegmentlength=\dimen344
)
\tikz@lib@dec@box=\box88
)
(C:\Users\PROFESSEUR\AppData\Local\Programs\MiKTeX\tex/generic/pgf/frontendlaye
r/tikz/libraries\tikzlibrarydecorations.pathmorphing.code.tex
(C:\Users\PROFESSEUR\AppData\Local\Programs\MiKTeX\tex/generic/pgf/libraries/de
corations\pgflibrarydecorations.pathmorphing.code.tex))
(C:\Users\PROFESSEUR\AppData\Local\Programs\MiKTeX\tex/generic/pgf/frontendlaye
r/tikz/libraries\tikzlibrarydecorations.pathreplacing.code.tex
(C:\Users\PROFESSEUR\AppData\Local\Programs\MiKTeX\tex/generic/pgf/libraries/de
corations\pgflibrarydecorations.pathreplacing.code.tex))
(C:\Users\PROFESSEUR\AppData\Local\Programs\MiKTeX\tex/generic/pgfplots/libs\ti
kzlibrarypgfplots.contourlua.code.tex)
\pgfplots@numplots=\count399
\pgfplots@xmin@reg=\dimen345
\pgfplots@xmax@reg=\dimen346
\pgfplots@ymin@reg=\dimen347
\pgfplots@ymax@reg=\dimen348
\pgfplots@zmin@reg=\dimen349
\pgfplots@zmax@reg=\dimen350
)
(C:\Users\PROFESSEUR\AppData\Local\Programs\MiKTeX\tex/generic/pgf/frontendlaye
r/tikz/libraries\tikzlibraryplotmarks.code.tex
File: tikzlibraryplotmarks.code.tex 2025-08-29 v3.1.11a (3.1.11a)

(C:\Users\PROFESSEUR\AppData\Local\Programs\MiKTeX\tex/generic/pgf/libraries\pg
flibraryplotmarks.code.tex
File: pgflibraryplotmarks.code.tex 2025-08-29 v3.1.11a (3.1.11a)
)))
(C:\Users\PROFESSEUR\AppData\Local\Programs\MiKTeX\tex/latex/pgf-umlsd\pgf-umls
d.sty
Package: pgf-umlsd 2011/07/27 v0.6 Some LaTeX macros for UML Sequence Diagrams.


(C:\Users\PROFESSEUR\AppData\Local\Programs\MiKTeX\tex/generic/pgf/frontendlaye
r/tikz/libraries\tikzlibraryshadows.code.tex
File: tikzlibraryshadows.code.tex 2025-08-29 v3.1.11a (3.1.11a)

(C:\Users\PROFESSEUR\AppData\Local\Programs\MiKTeX\tex/generic/pgf/frontendlaye
r/tikz/libraries\tikzlibraryfadings.code.tex
File: tikzlibraryfadings.code.tex 2025-08-29 v3.1.11a (3.1.11a)

(C:\Users\PROFESSEUR\AppData\Local\Programs\MiKTeX\tex/generic/pgf/libraries\pg
flibraryfadings.code.tex
File: pgflibraryfadings.code.tex 2025-08-29 v3.1.11a (3.1.11a)
)))
(C:\Users\PROFESSEUR\AppData\Local\Programs\MiKTeX\tex/latex/base\ifthen.sty
Package: ifthen 2024/03/16 v1.1e Standard LaTeX ifthen package (DPC)
)
\c@preinst=\count400
\c@instnum=\count401
\c@threadnum=\count402
\c@seqlevel=\count403
\c@callevel=\count404
\c@callselflevel=\count405
\c@blocklevel=\count406
)
(C:\Users\PROFESSEUR\AppData\Local\Programs\MiKTeX\tex/latex/siunitx\siunitx.st
y
Package: siunitx 2025-07-09 v3.4.14 A comprehensive (SI) units package
\l__siunitx_number_uncert_offset_int=\count407
\l__siunitx_number_exponent_fixed_int=\count408
\l__siunitx_number_min_decimal_int=\count409
\l__siunitx_number_min_integer_int=\count410
\l__siunitx_number_round_precision_int=\count411
\l__siunitx_number_lower_threshold_int=\count412
\l__siunitx_number_upper_threshold_int=\count413
\l__siunitx_number_group_first_int=\count414
\l__siunitx_number_group_size_int=\count415
\l__siunitx_number_group_minimum_int=\count416
\l__siunitx_angle_tmp_dim=\dimen351
\l__siunitx_angle_marker_box=\box89
\l__siunitx_angle_unit_box=\box90
\l__siunitx_compound_count_int=\count417

(C:\Users\PROFESSEUR\AppData\Local\Programs\MiKTeX\tex/latex/translations\trans
lations.sty
Package: translations 2022/02/05 v1.12 internationalization of LaTeX2e packages
 (CN)
)
\l__siunitx_table_tmp_box=\box91
\l__siunitx_table_tmp_dim=\dimen352
\l__siunitx_table_column_width_dim=\dimen353
\l__siunitx_table_integer_box=\box92
\l__siunitx_table_decimal_box=\box93
\l__siunitx_table_uncert_box=\box94
\l__siunitx_table_before_box=\box95
\l__siunitx_table_after_box=\box96
\l__siunitx_table_before_dim=\dimen354
\l__siunitx_table_carry_dim=\dimen355
\l__siunitx_unit_tmp_int=\count418
\l__siunitx_unit_position_int=\count419
\l__siunitx_unit_total_int=\count420
)
(C:\Users\PROFESSEUR\AppData\Local\Programs\MiKTeX\tex/latex/fancyhdr\fancyhdr.
sty
Package: fancyhdr 2025/02/07 v5.2 Extensive control of page headers and footers

\f@nch@headwidth=\skip102
\f@nch@offset@elh=\skip103
\f@nch@offset@erh=\skip104
\f@nch@offset@olh=\skip105
\f@nch@offset@orh=\skip106
\f@nch@offset@elf=\skip107
\f@nch@offset@erf=\skip108
\f@nch@offset@olf=\skip109
\f@nch@offset@orf=\skip110
\f@nch@height=\skip111
\f@nch@footalignment=\skip112
\f@nch@widthL=\skip113
\f@nch@widthC=\skip114
\f@nch@widthR=\skip115
\@temptokenb=\toks55
)
(C:\Users\PROFESSEUR\AppData\Local\Programs\MiKTeX\tex/latex/listings\listings.
sty
\lst@mode=\count421
\lst@gtempboxa=\box97
\lst@token=\toks56
\lst@length=\count422
\lst@currlwidth=\dimen356
\lst@column=\count423
\lst@pos=\count424
\lst@lostspace=\dimen357
\lst@width=\dimen358
\lst@newlines=\count425
\lst@lineno=\count426
\lst@maxwidth=\dimen359

(C:\Users\PROFESSEUR\AppData\Local\Programs\MiKTeX\tex/latex/listings\lstpatch.
sty
File: lstpatch.sty 2025/11/14 1.11b (Carsten Heinz)
)
(C:\Users\PROFESSEUR\AppData\Local\Programs\MiKTeX\tex/latex/listings\lstmisc.s
ty
File: lstmisc.sty 2025/11/14 1.11b (Carsten Heinz)
\c@lstnumber=\count427
\lst@skipnumbers=\count428
\lst@framebox=\box98
)
(C:\Users\PROFESSEUR\AppData\Local\Programs\MiKTeX\tex/latex/listings\listings.
cfg
File: listings.cfg 2025/11/14 1.11b listings configuration
))
Package: listings 2025/11/14 1.11b (Carsten Heinz)

==> First Aid for listings.sty no longer applied!
    Expected:
        2024/09/23 1.10c (Carsten Heinz)
    but found:
        2025/11/14 1.11b (Carsten Heinz)
    so I'm assuming it got fixed.

(C:\Users\PROFESSEUR\AppData\Local\Programs\MiKTeX\tex/latex/caption\caption.st
y
Package: caption 2023/08/05 v3.6o Customizing captions (AR)

(C:\Users\PROFESSEUR\AppData\Local\Programs\MiKTeX\tex/latex/caption\caption3.s
ty
Package: caption3 2023/07/31 v2.4d caption3 kernel (AR)
\caption@tempdima=\dimen360
\captionmargin=\dimen361
\caption@leftmargin=\dimen362
\caption@rightmargin=\dimen363
\caption@width=\dimen364
\caption@indent=\dimen365
\caption@parindent=\dimen366
\caption@hangindent=\dimen367
Package caption Info: Standard document class detected.
Package caption Info: french babel package is loaded.
)
\c@caption@flags=\count429
\c@continuedfloat=\count430
Package caption Info: hyperref package is loaded.
Package caption Info: listings package is loaded.
Package caption Info: longtable package is loaded.

(C:\Users\PROFESSEUR\AppData\Local\Programs\MiKTeX\tex/latex/caption\ltcaption.
sty
Package: ltcaption 2021/01/08 v1.4c longtable captions (AR)
))
(C:\Users\PROFESSEUR\AppData\Local\Programs\MiKTeX\tex/latex/caption\subcaption
.sty
Package: subcaption 2023/07/28 v1.6b Sub-captions (AR)
Package caption Info: New subtype `subfigure' on input line 238.
\c@subfigure=\count431
Package caption Info: New subtype `subtable' on input line 238.
\c@subtable=\count432
)
(C:\Users\PROFESSEUR\AppData\Local\Programs\MiKTeX\tex/latex/float\float.sty
Package: float 2001/11/08 v1.3d Float enhancements (AL)
\c@float@type=\count433
\float@exts=\toks57
\float@box=\box99
\@float@everytoks=\toks58
\@floatcapt=\box100
)
(C:\Users\PROFESSEUR\AppData\Local\Programs\MiKTeX\tex/latex/mdframed\mdframed.
sty
Package: mdframed 2013/07/01 1.9b: mdframed

(C:\Users\PROFESSEUR\AppData\Local\Programs\MiKTeX\tex/latex/l3packages/xparse\
xparse.sty
(C:\Users\PROFESSEUR\AppData\Local\Programs\MiKTeX\tex/latex/l3kernel\expl3.sty
Package: expl3 2025-12-24 L3 programming layer (loader) 

(C:\Users\PROFESSEUR\AppData\Local\Programs\MiKTeX\tex/latex/l3backend\l3backen
d-pdftex.def
File: l3backend-pdftex.def 2025-10-09 L3 backend support: PDF output (pdfTeX)
\l__color_backend_stack_int=\count434
))
Package: xparse 2025-10-09 L3 Experimental document command parser
)
(C:\Users\PROFESSEUR\AppData\Local\Programs\MiKTeX\tex/latex/zref\zref-abspage.
sty
Package: zref-abspage 2026-03-07 v2.37 Module abspage for zref (HO)

(C:\Users\PROFESSEUR\AppData\Local\Programs\MiKTeX\tex/latex/zref\zref-base.sty
Package: zref-base 2026-03-07 v2.37 Module base for zref (HO)

(C:\Users\PROFESSEUR\AppData\Local\Programs\MiKTeX\tex/generic/etexcmds\etexcmd
s.sty
Package: etexcmds 2019/12/15 v1.7 Avoid name clashes with e-TeX commands (HO)
)
(C:\Users\PROFESSEUR\AppData\Local\Programs\MiKTeX\tex/latex/auxhook\auxhook.st
y
Package: auxhook 2019-12-17 v1.6 Hooks for auxiliary files (HO)
)
Package zref Info: New property list: main on input line 767.
Package zref Info: New property: default on input line 768.
Package zref Info: New property: page on input line 769.
)
\c@abspage=\count435
Package zref Info: New property: abspage on input line 67.
)
(C:\Users\PROFESSEUR\AppData\Local\Programs\MiKTeX\tex/latex/needspace\needspac
e.sty
Package: needspace 2025/03/13 v1.3e reserve vertical space
)
\mdf@templength=\skip116
\c@mdf@globalstyle@cnt=\count436
\mdf@skipabove@length=\skip117
\mdf@skipbelow@length=\skip118
\mdf@leftmargin@length=\skip119
\mdf@rightmargin@length=\skip120
\mdf@innerleftmargin@length=\skip121
\mdf@innerrightmargin@length=\skip122
\mdf@innertopmargin@length=\skip123
\mdf@innerbottommargin@length=\skip124
\mdf@splittopskip@length=\skip125
\mdf@splitbottomskip@length=\skip126
\mdf@outermargin@length=\skip127
\mdf@innermargin@length=\skip128
\mdf@linewidth@length=\skip129
\mdf@innerlinewidth@length=\skip130
\mdf@middlelinewidth@length=\skip131
\mdf@outerlinewidth@length=\skip132
\mdf@roundcorner@length=\skip133
\mdf@footenotedistance@length=\skip134
\mdf@userdefinedwidth@length=\skip135
\mdf@needspace@length=\skip136
\mdf@frametitleaboveskip@length=\skip137
\mdf@frametitlebelowskip@length=\skip138
\mdf@frametitlerulewidth@length=\skip139
\mdf@frametitleleftmargin@length=\skip140
\mdf@frametitlerightmargin@length=\skip141
\mdf@shadowsize@length=\skip142
\mdf@extratopheight@length=\skip143
\mdf@subtitleabovelinewidth@length=\skip144
\mdf@subtitlebelowlinewidth@length=\skip145
\mdf@subtitleaboveskip@length=\skip146
\mdf@subtitlebelowskip@length=\skip147
\mdf@subtitleinneraboveskip@length=\skip148
\mdf@subtitleinnerbelowskip@length=\skip149
\mdf@subsubtitleabovelinewidth@length=\skip150
\mdf@subsubtitlebelowlinewidth@length=\skip151
\mdf@subsubtitleaboveskip@length=\skip152
\mdf@subsubtitlebelowskip@length=\skip153
\mdf@subsubtitleinneraboveskip@length=\skip154
\mdf@subsubtitleinnerbelowskip@length=\skip155

(C:\Users\PROFESSEUR\AppData\Local\Programs\MiKTeX\tex/latex/mdframed\md-frame-
0.mdf
File: md-frame-0.mdf 2013/07/01\ 1.9b: md-frame-0
)
\mdf@frametitlebox=\box101
\mdf@footnotebox=\box102
\mdf@splitbox@one=\box103
\mdf@splitbox@two=\box104
\mdf@splitbox@save=\box105
\mdfsplitboxwidth=\skip156
\mdfsplitboxtotalwidth=\skip157
\mdfsplitboxheight=\skip158
\mdfsplitboxdepth=\skip159
\mdfsplitboxtotalheight=\skip160
\mdfframetitleboxwidth=\skip161
\mdfframetitleboxtotalwidth=\skip162
\mdfframetitleboxheight=\skip163
\mdfframetitleboxdepth=\skip164
\mdfframetitleboxtotalheight=\skip165
\mdffootnoteboxwidth=\skip166
\mdffootnoteboxtotalwidth=\skip167
\mdffootnoteboxheight=\skip168
\mdffootnoteboxdepth=\skip169
\mdffootnoteboxtotalheight=\skip170
\mdftotallinewidth=\skip171
\mdfboundingboxwidth=\skip172
\mdfboundingboxtotalwidth=\skip173
\mdfboundingboxheight=\skip174
\mdfboundingboxdepth=\skip175
\mdfboundingboxtotalheight=\skip176
\mdf@freevspace@length=\skip177
\mdf@horizontalwidthofbox@length=\skip178
\mdf@verticalmarginwhole@length=\skip179
\mdf@horizontalspaceofbox=\skip180
\mdfsubtitleheight=\skip181
\mdfsubsubtitleheight=\skip182
\c@mdfcountframes=\count437

****** mdframed patching \endmdf@trivlist

****** -- success******

\mdf@envdepth=\count438
\c@mdf@env@i=\count439
\c@mdf@env@ii=\count440
\c@mdf@zref@counter=\count441
Package zref Info: New property: mdf@pagevalue on input line 895.
)
(C:\Users\PROFESSEUR\AppData\Local\Programs\MiKTeX\tex/latex/base\fontenc.sty
Package: fontenc 2025/07/18 v2.1d Standard LaTeX package
LaTeX Font Info:    Trying to load font information for T1+phv on input line 11
6.

(C:\Users\PROFESSEUR\AppData\Local\Programs\MiKTeX\tex/latex/psnfss\t1phv.fd
File: t1phv.fd 2020/03/25 scalable font definitions for T1/phv.
)
LaTeX Font Info:    Font shape `T1/phv/m/n' will be
(Font)              scaled to size 11.39996pt on input line 116.
)
(C:\Users\PROFESSEUR\AppData\Local\Programs\MiKTeX\tex/latex/lipsum\lipsum.sty
(C:\Users\PROFESSEUR\AppData\Local\Programs\MiKTeX\tex/latex/l3packages/l3keys2
e\l3keys2e.sty
Package: l3keys2e 2025-10-09 LaTeX2e option processing using LaTeX3 keys
)
Package: lipsum 2021-09-20 v2.7 150 paragraphs of Lorem Ipsum dummy text
\g__lipsum_par_int=\count442
\l__lipsum_a_int=\count443
\l__lipsum_b_int=\count444

(C:\Users\PROFESSEUR\AppData\Local\Programs\MiKTeX\tex/latex/lipsum\lipsum.ltd.
tex))
(C:\Users\PROFESSEUR\AppData\Local\Programs\MiKTeX\tex/latex/tcolorbox\tcbskins
.code.tex
Library (tcolorbox): 'tcbskins.code.tex' version '6.9.0'

(C:\Users\PROFESSEUR\AppData\Local\Programs\MiKTeX\tex/latex/tikzfill\tikzfill.
image.sty
Package: tikzfill.image 2023/08/08 v1.0.1 Image filling library for TikZ

(C:\Users\PROFESSEUR\AppData\Local\Programs\MiKTeX\tex/latex/tikzfill\tikzfill-
common.sty
Package: tikzfill-common 2023/08/08 v1.0.1 Auxiliary code for tikzfill
)
(C:\Users\PROFESSEUR\AppData\Local\Programs\MiKTeX\tex/latex/tikzfill\tikzlibra
ryfill.image.code.tex
File: tikzlibraryfill.image.code.tex 2023/08/08 v1.0.1 Image filling library
\l__tikzfill_img_box=\box106
))
(C:\Users\PROFESSEUR\AppData\Local\Programs\MiKTeX\tex/latex/tcolorbox\tcbskins
jigsaw.code.tex
Library (tcolorbox): 'tcbskinsjigsaw.code.tex' version '6.9.0'
))
(C:\Users\PROFESSEUR\AppData\Local\Programs\MiKTeX\tex/latex/tcolorbox\tcbbreak
able.code.tex
Library (tcolorbox): 'tcbbreakable.code.tex' version '6.9.0'
(C:\Users\PROFESSEUR\AppData\Local\Programs\MiKTeX\tex/latex/pdfcol\pdfcol.sty
Package: pdfcol 2022-09-21 v1.7 Handle new color stacks for pdfTeX (HO)
)
Package pdfcol Info: New color stack `tcb@breakable' = 1 on input line 23.
\tcb@testbox=\box107
\tcb@totalupperbox=\box108
\tcb@totallowerbox=\box109
)
Package french3.ldf Info: Setting StandardItemizeEnv=true for
(french3.ldf)             compatibility with enumitem package,
(french3.ldf)             reported on input line 100.
Package french3.ldf Info: Setting StandardEnumerateEnv=true for
(french3.ldf)             compatibility with enumitem package,
(french3.ldf)             reported on input line 100.
 (main.aux (00_resume_abstract.aux)
Package babel Info: 'french' activates 'french' shorthands.
(babel)             Reported on input line 13.
 (00_dedicaces_remerciements.aux)
(00_frontmatter.aux) (chap1_introduction.aux) (chap2_revue_litterature.aux)
(chap3_conception_mec.aux) (chap4_realisation_mecatro.aux)
(chap5_developpement_logiciel.aux) (chap6_tests_conclusion.aux)
(99_backmatter.aux) (99_annexe_documentation.aux))
\openout1 = `main.aux'.

LaTeX Font Info:    Checking defaults for OML/cmm/m/it on input line 100.
LaTeX Font Info:    ... okay on input line 100.
LaTeX Font Info:    Checking defaults for OMS/cmsy/m/n on input line 100.
LaTeX Font Info:    ... okay on input line 100.
LaTeX Font Info:    Checking defaults for OT1/cmr/m/n on input line 100.
LaTeX Font Info:    ... okay on input line 100.
LaTeX Font Info:    Checking defaults for T1/cmr/m/n on input line 100.
LaTeX Font Info:    ... okay on input line 100.
LaTeX Font Info:    Checking defaults for TS1/cmr/m/n on input line 100.
LaTeX Font Info:    ... okay on input line 100.
LaTeX Font Info:    Checking defaults for OMX/cmex/m/n on input line 100.
LaTeX Font Info:    ... okay on input line 100.
LaTeX Font Info:    Checking defaults for U/cmr/m/n on input line 100.
LaTeX Font Info:    ... okay on input line 100.
LaTeX Font Info:    Checking defaults for PD1/pdf/m/n on input line 100.
LaTeX Font Info:    ... okay on input line 100.
LaTeX Font Info:    Checking defaults for PU/pdf/m/n on input line 100.
LaTeX Font Info:    ... okay on input line 100.
LaTeX Info: Redefining \degres on input line 100.

(C:\Users\PROFESSEUR\AppData\Local\Programs\MiKTeX\tex/context/base/mkii\supp-p
df.mkii
[Loading MPS to PDF converter (version 2006.09.02).]
\scratchcounter=\count445
\scratchdimen=\dimen368
\scratchbox=\box110
\nofMPsegments=\count446
\nofMParguments=\count447
\everyMPshowfont=\toks59
\MPscratchCnt=\count448
\MPscratchDim=\dimen369
\MPnumerator=\count449
\makeMPintoPDFobject=\count450
\everyMPtoPDFconversion=\toks60
)
(C:\Users\PROFESSEUR\AppData\Local\Programs\MiKTeX\tex/latex/epstopdf-pkg\epsto
pdf-base.sty
Package: epstopdf-base 2020-01-24 v2.11 Base part for package epstopdf
Package epstopdf-base Info: Redefining graphics rule for `.eps' on input line 4
85.

(C:\Users\PROFESSEUR\AppData\Local\Programs\MiKTeX\tex/latex/00miktex\epstopdf-
sys.cfg
File: epstopdf-sys.cfg 2021/03/18 v2.0 Configuration of epstopdf for MiKTeX
))
*geometry* driver: auto-detecting
*geometry* detected driver: pdftex
*geometry* verbose mode - [ preamble ] result:
* driver: pdftex
* paper: a4paper
* layout: <same size as paper>
* layoutoffset:(h,v)=(0.0pt,0.0pt)
* bindingoffset: 14.22636pt
* modes: 
* h-part:(L,W,R)=(71.13188pt, 441.01775pt, 71.13188pt)
* v-part:(T,H,B)=(71.13188pt, 702.78308pt, 71.13188pt)
* \paperwidth=597.50787pt
* \paperheight=845.04684pt
* \textwidth=441.01775pt
* \textheight=702.78308pt
* \oddsidemargin=13.08826pt
* \evensidemargin=-1.1381pt
* \topmargin=-63.1381pt
* \headheight=40.0pt
* \headsep=25.0pt
* \topskip=12.0pt
* \footskip=30.0pt
* \marginparwidth=35.0pt
* \marginparsep=10.0pt
* \columnsep=10.0pt
* \skip\footins=10.8pt plus 4.0pt minus 2.0pt
* \hoffset=0.0pt
* \voffset=0.0pt
* \mag=1000
* \@twocolumnfalse
* \@twosidefalse
* \@mparswitchfalse
* \@reversemarginfalse
* (1in=72.27pt=25.4mm, 1cm=28.453pt)

LaTeX Info: Redefining \microtypecontext on input line 100.
Package microtype Info: Applying patch `item' on input line 100.
Package microtype Info: Applying patch `toc' on input line 100.
Package microtype Info: Applying patch `eqnum' on input line 100.
Package microtype Info: Applying patch `footnote' on input line 100.
Package microtype Info: Applying patch `verbatim' on input line 100.
LaTeX Info: Redefining \microtypesetup on input line 100.
Package microtype Info: Generating PDF output.
Package microtype Info: Character protrusion enabled (level 2).
Package microtype Info: Using default protrusion set `alltext'.
Package microtype Info: Automatic font expansion enabled (level 2),
(microtype)             stretch: 20, shrink: 20, step: 1, non-selected.
Package microtype Info: Using default expansion set `alltext-nott'.
Package microtype Info: Patching command `\showhyphens'.
Package microtype Info: No adjustment of tracking.
Package microtype Info: No adjustment of interword spacing.
Package microtype Info: No adjustment of character kerning.
Package microtype Info: Loading generic protrusion settings for font family
(microtype)             `phv' (encoding: T1).
(microtype)             For optimal results, create family-specific settings.
(microtype)             See the microtype manual for details.
Package hyperref Info: Link coloring ON on input line 100.
(main.out) (main.out)
\@outlinefile=\write4
\openout4 = `main.out'.


Package pgfplots notification 'compat/show suggested version=true': document ha
s been generated with the most recent feature set (\pgfplotsset{compat=1.18}).


(C:\Users\PROFESSEUR\AppData\Local\Programs\MiKTeX\tex/latex/translations/dicts
\translations-basic-dictionary-french.trsl
File: translations-basic-dictionary-french.trsl (french translation file `trans
lations-basic-dictionary')
)
Package translations Info: loading dictionary `translations-basic-dictionary' f
or `french'. on input line 100.
\c@lstlisting=\count451
Package caption Info: Begin \AtBeginDocument code.
Package caption Info: float package is loaded.
Package caption Info: End \AtBeginDocument code.
\openout2 = `00_resume_abstract.aux'.

 (00_resume_abstract.tex
LaTeX Font Info:    Font shape `T1/phv/m/n' will be
(Font)              scaled to size 23.63593pt on input line 4.
LaTeX Font Info:    Font shape `T1/phv/b/n' will be
(Font)              scaled to size 23.63593pt on input line 4.
LaTeX Font Info:    Font shape `T1/phv/b/n' will be
(Font)              scaled to size 11.39996pt on input line 12.
LaTeX Font Info:    Font shape `T1/phv/b/n' will be
(Font)              scaled to size 16.41594pt on input line 18.
 [1



{C:/Users/PROFESSEUR/AppData/Local/MiKTeX/fonts/map/pdftex/pdftex.map}{C:/Users
/PROFESSEUR/AppData/Local/Programs/MiKTeX/fonts/enc/dvips/base/8r.enc}])
LaTeX Font Info:    Font shape `T1/phv/m/n' will be
(Font)              scaled to size 10.40245pt on input line 102.
LaTeX Font Info:    Font shape `T1/phv/b/n' will be
(Font)              scaled to size 10.40245pt on input line 102.
LaTeX Font Info:    Font shape `T1/phv/m/n' will be
(Font)              scaled to size 9.49997pt on input line 102.
 [2]
\openout2 = `00_dedicaces_remerciements.aux'.


(00_dedicaces_remerciements.tex
LaTeX Font Info:    Font shape `T1/phv/m/n' will be
(Font)              scaled to size 13.67995pt on input line 10.
LaTeX Font Info:    Font shape `T1/phv/m/it' in size <14.4> not available
(Font)              Font shape `T1/phv/m/sl' tried instead on input line 10.
LaTeX Font Info:    Font shape `T1/phv/m/sl' will be
(Font)              scaled to size 13.67995pt on input line 10.

(C:\Users\PROFESSEUR\AppData\Local\Programs\MiKTeX\tex/latex/microtype\mt-cmr.c
fg
File: mt-cmr.cfg 2013/05/19 v2.2 microtype config. file: Computer Modern Roman 
(RS)
)
LaTeX Font Info:    Trying to load font information for U+msa on input line 16.


(C:\Users\PROFESSEUR\AppData\Local\Programs\MiKTeX\tex/latex/amsfonts\umsa.fd
File: umsa.fd 2013/01/14 v3.01 AMS symbols A
)
(C:\Users\PROFESSEUR\AppData\Local\Programs\MiKTeX\tex/latex/microtype\mt-msa.c
fg
File: mt-msa.cfg 2006/02/04 v1.1 microtype config. file: AMS symbols (a) (RS)
)
LaTeX Font Info:    Trying to load font information for U+msb on input line 16.


(C:\Users\PROFESSEUR\AppData\Local\Programs\MiKTeX\tex/latex/amsfonts\umsb.fd
File: umsb.fd 2013/01/14 v3.01 AMS symbols B
)
(C:\Users\PROFESSEUR\AppData\Local\Programs\MiKTeX\tex/latex/microtype\mt-msb.c
fg
File: mt-msb.cfg 2005/06/01 v1.0 microtype config. file: AMS symbols (b) (RS)
) [3




]) [4

]
\openout2 = `00_frontmatter.aux'.

 (00_frontmatter.tex
LaTeX Font Info:    Trying to load font information for TS1+phv on input line 1
2.

(C:\Users\PROFESSEUR\AppData\Local\Programs\MiKTeX\tex/latex/psnfss\ts1phv.fd
File: ts1phv.fd 2020/03/25 scalable font definitions for TS1/phv.
)
LaTeX Font Info:    Font shape `TS1/phv/m/n' will be
(Font)              scaled to size 11.39996pt on input line 12.
Package microtype Info: Loading generic protrusion settings for font family
(microtype)             `phv' (encoding: TS1).
(microtype)             For optimal results, create family-specific settings.
(microtype)             See the microtype manual for details.
LaTeX Font Info:    Font shape `T1/phv/m/sc' will be
(Font)              scaled to size 11.39996pt on input line 20.

[5




] [6]
LaTeX Font Info:    Font shape `T1/phv/m/n' will be
(Font)              scaled to size 16.41594pt on input line 26.
LaTeX Font Info:    Font shape `T1/phv/m/n' will be
(Font)              scaled to size 5.69998pt on input line 40.
 [7]
LaTeX Font Info:    Font shape `T1/phv/m/n' will be
(Font)              scaled to size 7.59998pt on input line 195.

ignored error: Infinite glue shrinkage found in box being split [8

]
ignored error: Infinite glue shrinkage found in box being split [9] [10]
[11

]
Overfull \vbox (482.45651pt too high) has occurred while \output is active []


[12]) (main.toc [13


]
Package babel Info: 'french' activates 'french' shorthands.
(babel)             Reported on input line 66.
 [14] [15]
Package microtype Info: Loading generic protrusion settings for font family
(microtype)             `cmtt' (encoding: T1).
(microtype)             For optimal results, create family-specific settings.
(microtype)             See the microtype manual for details.
)
\tf@toc=\write5
\openout5 = `main.toc'.

 [16] (main.lof)
\tf@lof=\write6
\openout6 = `main.lof'.

 [17] (main.lot)
\tf@lot=\write7
\openout7 = `main.lot'.

 [18]
\openout2 = `chap1_introduction.aux'.


(chap1_introduction.tex [19


] [20]
LaTeX Font Info:    Font shape `T1/phv/b/n' will be
(Font)              scaled to size 9.49997pt on input line 91.
 [21]) [22]
\openout2 = `chap2_revue_litterature.aux'.

 (chap2_revue_litterature.tex
Chapitre 1.
LaTeX Font Info:    Font shape `T1/phv/b/n' will be
(Font)              scaled to size 13.67995pt on input line 8.

Underfull \hbox (badness 1983) in paragraph at lines 19--19
[]|\T1/phv/m/n/12 (+20) Cartes per-fo-
 []


Underfull \hbox (badness 1371) in paragraph at lines 19--20
[]|\T1/phv/m/n/12 (+20) Pas de ré-tro-ac-tion, sé-
 []


Underfull \hbox (badness 10000) in paragraph at lines 21--22
[]|\T1/phv/m/n/12 (+20) Rigides, non-
 []


Underfull \hbox (badness 1275) in paragraph at lines 23--24
[]|\T1/phv/m/n/12 (+20) Un seul c÷ur, pas de
 []


Underfull \hbox (badness 7540) in paragraph at lines 25--26
[]|\T1/phv/m/n/12 (+20) Coűt pro-hi-bi-tif, dé-pen-
 []


Underfull \hbox (badness 2173) in paragraph at lines 27--28
[]|\T1/phv/m/n/12 (+20) Configuration com-plexe,
 []


Underfull \hbox (badness 5189) in paragraph at lines 29--29
[]|\T1/phv/m/n/12 (+20) ESP32, STM32 + FreeR-TOS,
 []


Overfull \hbox (35.91275pt too wide) in paragraph at lines 14--32
 [][] 
 []

[23




] [24]
Underfull \hbox (badness 10000) in paragraph at lines 106--106
[]|\T1/phv/b/n/12 (+20) PFE
 []


Underfull \hbox (badness 10000) in paragraph at lines 106--106
[]|\T1/phv/b/n/12 (+20) Haas UMC-
 []


Overfull \hbox (4.28941pt too wide) in paragraph at lines 106--107
[]|\T1/phv/b/n/12 (-20) Candle+GRBL| 
 []


Underfull \hbox (badness 10000) in paragraph at lines 108--108
[]|\T1/phv/m/n/12 (+20) Trunnion
 []


Underfull \hbox (badness 10000) in paragraph at lines 108--108
[]|\T1/phv/m/n/12 (+20) Trunnion
 []


Underfull \hbox (badness 10000) in paragraph at lines 112--112
[]|\T1/phv/m/n/12 (+20) ESP32
 []


Overfull \hbox (1.00125pt too wide) in paragraph at lines 112--112
[]|\T1/phv/m/n/12 (-20) Propriétaire| 
 []


Underfull \hbox (badness 10000) in paragraph at lines 116--116
[]|\T1/phv/b/n/12 (+20) Open-
 []

[25]
LaTeX Font Info:    Font shape `T1/phv/m/it' in size <12> not available
(Font)              Font shape `T1/phv/m/sl' tried instead on input line 134.
LaTeX Font Info:    Font shape `T1/phv/m/sl' will be
(Font)              scaled to size 11.39996pt on input line 134.
 [26]
Underfull \hbox (badness 2564) in paragraph at lines 173--173
[]|\T1/phv/m/n/12 (+20) Interpolation li-néaire ŕ vi-tesse
 []


Underfull \hbox (badness 3386) in paragraph at lines 232--232
[]|\T1/phv/m/n/12 (+20) Limité (câble obli-ga-
 []


Underfull \hbox (badness 10000) in paragraph at lines 232--232
[]|\T1/phv/m/n/12 (+20) Professionnel, com-
 []

[27] [28]
Underfull \hbox (badness 1460) in paragraph at lines 269--269
[]|\T1/phv/m/n/12 (+20) Spécifique ŕ l'ar-chi-tec-ture
 []

LaTeX Font Info:    Font shape `TS1/phv/b/n' will be
(Font)              scaled to size 11.39996pt on input line 306.
) [29] [30]
\openout2 = `chap3_conception_mec.aux'.

 (chap3_conception_mec.tex
Chapitre 2.

Overfull \hbox (0.70158pt too wide) in paragraph at lines 38--39
[]\T1/phv/b/n/12 (-20) FC2 : \T1/phv/m/n/12 (-20) Trai-ter les cal-culs ci-né-m
a-tiques en temps réel sans dé-pas-se-ment de contrainte
 []


Overfull \hbox (10.50964pt too wide) in paragraph at lines 40--41
[]\T1/phv/b/n/12 (-20) FC4 : \T1/phv/m/n/12 (-20) S'in-ter-fa-cer fa-ci-le-ment
 via Wi-Fi avec le poste de concep-tion (or-di-na-teur/tablette). 
 []

[31




]

LaTeX Warning: `!h' float specifier changed to `!ht'.

[32]
Overfull \hbox (29.17628pt too wide) in paragraph at lines 127--128
[]\T1/phv/b/n/12 (-20) Moteur Bru-sh-less DC (Broche) : \T1/phv/m/n/12 (-20) Sé
-lec-tionné pour son rap-port puis-sance/encombrement
 []

[33]
Overfull \hbox (41.58519pt too wide) in paragraph at lines 170--170
|[]\T1/phv/b/n/17.28 (-20) Résistance des Ma-té-riaux (RDM) et Ana-lyse de Cont
raintes| 
 []

[34] [35]
Overfull \hbox (15.91112pt too wide) in paragraph at lines 233--233
|[]\T1/phv/b/n/17.28 (-20) Dimensionnement des mo-teurs d'en-traî-ne-ment (NEMA
)| 
 []

[36]
Overfull \hbox (7.58511pt too wide) in paragraph at lines 248--248
|[]\T1/phv/b/n/17.28 (-20) Dimensionnement des Trans-mis-sions Ro-ta-tives (Axe
s
 []

[37]

Package hyperref Warning: Token not allowed in a PDF string (Unicode):
(hyperref)                removing `math shift' on input line 285.


Package hyperref Warning: Token not allowed in a PDF string (Unicode):
(hyperref)                removing `subscript' on input line 285.


Package hyperref Warning: Token not allowed in a PDF string (Unicode):
(hyperref)                removing `math shift' on input line 285.

[38]
Overfull \hbox (3.12634pt too wide) in paragraph at lines 319--320
[]\T1/phv/b/n/12 (-20) Déflexion maxi-male (n÷ud cri-tique) : $\OML/cmm/m/it/12
 ^^N[] \OT1/cmr/m/n/12 (-20) = 0[]038[]$ \T1/phv/m/n/12 (-20) (vs $\OML/cmm/m/i
t/12 ^^N[] \OT1/cmr/m/n/12 (-20) = 0[]041[]$
 []

) [39]
\openout2 = `chap4_realisation_mecatro.aux'.

 (chap4_realisation_mecatro.tex
Chapitre 3.

Underfull \hbox (badness 7522) in paragraph at lines 40--40
[]|\T1/phv/m/n/12 (+20) Trop com-plexe, OS
 []


Underfull \hbox (badness 3612) in paragraph at lines 40--40
[]|[]\T1/phv/b/n/12 (+20) RETENU[] : Op-ti-mal
 []


Underfull \hbox (badness 1817) in paragraph at lines 58--58
\T1/phv/m/n/12 (+20) ma-tri-ciel D-H, en-voi ACK
 []


Underfull \hbox (badness 10000) in paragraph at lines 60--60
[]|\T1/phv/m/n/12 (+20) ISR Hard-ware Ti-mer
 []


Underfull \hbox (badness 10000) in paragraph at lines 60--60
\T1/phv/m/n/12 (+20) (Step/Dir), lec-ture Ring
 []


Underfull \hbox (badness 3769) in paragraph at lines 60--60
\T1/phv/m/n/12 (+20) Buf-fer, pla-ni-fi-ca-teur Look-
 []

[40




] [41]
LaTeX Info: Symbol \textrightarrow not provided by
            font family phv in TS1 encoding.
            Default family used instead on input line 126.
Package microtype Info: Loading generic protrusion settings for font family
(microtype)             `cmss' (encoding: T1).
(microtype)             For optimal results, create family-specific settings.
(microtype)             See the microtype manual for details.
Package microtype Info: Loading generic protrusion settings for font family
(microtype)             `cmss' (encoding: TS1).
(microtype)             For optimal results, create family-specific settings.
(microtype)             See the microtype manual for details.
LaTeX Info: Symbol \textrightarrow not provided by
            font family phv in TS1 encoding.
            Default family used instead on input line 126.
LaTeX Info: Symbol \textrightarrow not provided by
            font family phv in TS1 encoding.
            Default family used instead on input line 126.
LaTeX Info: Symbol \textrightarrow not provided by
            font family phv in TS1 encoding.
            Default family used instead on input line 126.
LaTeX Info: Symbol \textrightarrow not provided by
            font family phv in TS1 encoding.
            Default family used instead on input line 126.
LaTeX Info: Symbol \textrightarrow not provided by
            font family phv in TS1 encoding.
            Default family used instead on input line 126.
LaTeX Info: Symbol \textrightarrow not provided by
            font family phv in TS1 encoding.
            Default family used instead on input line 126.
LaTeX Info: Symbol \textrightarrow not provided by
            font family phv in TS1 encoding.
            Default family used instead on input line 126.
LaTeX Info: Symbol \textrightarrow not provided by
            font family phv in TS1 encoding.
            Default family used instead on input line 126.
LaTeX Info: Symbol \textrightarrow not provided by
            font family phv in TS1 encoding.
            Default family used instead on input line 126.
LaTeX Info: Symbol \textrightarrow not provided by
            font family phv in TS1 encoding.
            Default family used instead on input line 126.
LaTeX Info: Symbol \textrightarrow not provided by
            font family phv in TS1 encoding.
            Default family used instead on input line 126.
LaTeX Info: Symbol \textrightarrow not provided by
            font family phv in TS1 encoding.
            Default family used instead on input line 126.
LaTeX Info: Symbol \textrightarrow not provided by
            font family phv in TS1 encoding.
            Default family used instead on input line 126.
LaTeX Info: Symbol \textrightarrow not provided by
            font family phv in TS1 encoding.
            Default family used instead on input line 126.
LaTeX Info: Symbol \textrightarrow not provided by
            font family phv in TS1 encoding.
            Default family used instead on input line 126.
LaTeX Info: Symbol \textrightarrow not provided by
            font family phv in TS1 encoding.
            Default family used instead on input line 126.
LaTeX Info: Symbol \textrightarrow not provided by
            font family phv in TS1 encoding.
            Default family used instead on input line 126.
LaTeX Info: Symbol \textrightarrow not provided by
            font family phv in TS1 encoding.
            Default family used instead on input line 126.
LaTeX Info: Symbol \textrightarrow not provided by
            font family phv in TS1 encoding.
            Default family used instead on input line 126.
LaTeX Info: Symbol \textrightarrow not provided by
            font family phv in TS1 encoding.
            Default family used instead on input line 126.
LaTeX Info: Symbol \textrightarrow not provided by
            font family phv in TS1 encoding.
            Default family used instead on input line 126.
 [42]
Overfull \hbox (5.88333pt too wide) in paragraph at lines 185--185
|[]\T1/phv/b/n/14.4 (-20) Dimensionnement du Conden-sa-teur de Dé-cou-plage Ant
i-Brown-
 []

[43]
Overfull \hbox (0.24162pt too wide) in paragraph at lines 195--195
|[]\T1/phv/b/n/14.4 (-20) Câblage en ^^SCa-té-go-rie d'Ar-ręt 0^^T (Cou-pure no
n-conditionnelle)| 
 []


Overfull \hbox (25.19731pt too wide) in paragraph at lines 218--219
 [][] 
 []

[44]

LaTeX Warning: Command \textdegree invalid in math mode on input line 245.


LaTeX Warning: Command \textdegree invalid in math mode on input line 245.

Missing character: There is no ° in font cmr12!
) [45]
\openout2 = `chap5_developpement_logiciel.aux'.

 (chap5_developpement_logiciel.tex
Chapitre 4.
LaTeX Font Info:    Font shape `TS1/phv/m/n' will be
(Font)              scaled to size 5.69998pt on input line 45.
[46




]
LaTeX Font Info:    Font shape `T1/cmtt/bx/n' in size <10.95> not available
(Font)              Font shape `T1/cmtt/m/n' tried instead on input line 134.
 [47]
Overfull \hbox (1.83694pt too wide) in paragraph at lines 142--142
|[]\T1/phv/b/n/14.4 (-20) Systčme de Co-or-don-nées et Pa-ra-mčtres de Denavit-
Hartenberg| 
 []

[48] [49] [50] [51]
<images/stitch_dashboard.png, id=1074, 1606.0pt x 1284.8pt>
File: images/stitch_dashboard.png Graphic file (type png)
<use images/stitch_dashboard.png>
Package pdftex.def Info: images/stitch_dashboard.png  used on input line 305.
(pdftex.def)             Requested size: 396.91327pt x 317.53317pt.
<images/stitch_jog.png, id=1075, 1606.0pt x 1284.8pt>
File: images/stitch_jog.png Graphic file (type png)
<use images/stitch_jog.png>
Package pdftex.def Info: images/stitch_jog.png  used on input line 316.
(pdftex.def)             Requested size: 396.91327pt x 317.53317pt.
<images/stitch_gcode.png, id=1076, 1606.0pt x 1284.8pt>
File: images/stitch_gcode.png Graphic file (type png)
<use images/stitch_gcode.png>
Package pdftex.def Info: images/stitch_gcode.png  used on input line 328.
(pdftex.def)             Requested size: 211.68663pt x 169.34319pt.
<images/stitch_settings.png, id=1077, 1606.0pt x 1449.415pt>
File: images/stitch_settings.png Graphic file (type png)
<use images/stitch_settings.png>
Package pdftex.def Info: images/stitch_settings.png  used on input line 334.
(pdftex.def)             Requested size: 211.68663pt x 191.04028pt.
 [52] [53 <./images/stitch_dashboard.png (PNG copy)> <./images/stitch_jog.png (
PNG copy)>]

LaTeX Warning: Command \textdegree invalid in math mode on input line 348.


LaTeX Warning: Command \textdegree invalid in math mode on input line 348.

Missing character: There is no ° in font cmr12!

LaTeX Warning: Command \textdegree invalid in math mode on input line 348.


LaTeX Warning: Command \textdegree invalid in math mode on input line 348.

Missing character: There is no ° in font cmr12!
) [54 <./images/stitch_gcode.png (PNG copy)> <./images/stitch_settings.png (PNG
 copy)>] [55]
\openout2 = `chap6_tests_conclusion.aux'.

 (chap6_tests_conclusion.tex
Chapitre 5.
[56




]

LaTeX Warning: Command \textdegree invalid in math mode on input line 53.


LaTeX Warning: Command \textdegree invalid in math mode on input line 53.

Missing character: There is no ° in font cmr12!

LaTeX Warning: Command \textdegree invalid in math mode on input line 53.


LaTeX Warning: Command \textdegree invalid in math mode on input line 53.

Missing character: There is no ° in font cmr12!

LaTeX Warning: Command \textdegree invalid in math mode on input line 53.


LaTeX Warning: Command \textdegree invalid in math mode on input line 53.

Missing character: There is no ° in font cmr12!

LaTeX Warning: Command \textdegree invalid in math mode on input line 53.


LaTeX Warning: Command \textdegree invalid in math mode on input line 53.

Missing character: There is no ° in font cmr12!

LaTeX Warning: Command \textdegree invalid in math mode on input line 53.


LaTeX Warning: Command \textdegree invalid in math mode on input line 53.

Missing character: There is no ° in font cmr12!

LaTeX Warning: Command \textdegree invalid in math mode on input line 53.


LaTeX Warning: Command \textdegree invalid in math mode on input line 53.

Missing character: There is no ° in font cmr12!

LaTeX Warning: Command \textdegree invalid in math mode on input line 53.


LaTeX Warning: Command \textdegree invalid in math mode on input line 53.

Missing character: There is no ° in font cmr12!

LaTeX Warning: Command \textdegree invalid in math mode on input line 53.


LaTeX Warning: Command \textdegree invalid in math mode on input line 53.

Missing character: There is no ° in font cmr12!

LaTeX Warning: Command \textdegree invalid in math mode on input line 53.


LaTeX Warning: Command \textdegree invalid in math mode on input line 53.

Missing character: There is no ° in font cmr12!

LaTeX Warning: Command \textdegree invalid in math mode on input line 53.


LaTeX Warning: Command \textdegree invalid in math mode on input line 53.

Missing character: There is no ° in font cmr12!
Package pgfplots info on input line 75: Using 'lua backend=false' for axis: x c
oord trafo unsupported.
LaTeX Font Info:    Font shape `TS1/phv/m/n' will be
(Font)              scaled to size 10.40245pt on input line 80.

LaTeX Warning: Command \textdegree invalid in math mode on input line 80.


LaTeX Warning: Command \textdegree invalid in math mode on input line 80.

Missing character: There is no ° in font cmr12!
LaTeX Font Info:    Font shape `TS1/phv/m/n' will be
(Font)              scaled to size 9.49997pt on input line 80.

Package hyperref Warning: Token not allowed in a PDF string (Unicode):
(hyperref)                removing `math shift' on input line 87.


Package hyperref Warning: Token not allowed in a PDF string (Unicode):
(hyperref)                removing `subscript' on input line 87.


Package hyperref Warning: Token not allowed in a PDF string (Unicode):
(hyperref)                removing `math shift' on input line 87.

[57]

Package hyperref Warning: Token not allowed in a PDF string (Unicode):
(hyperref)                removing `math shift' on input line 102.


Package hyperref Warning: Token not allowed in a PDF string (Unicode):
(hyperref)                removing `subscript' on input line 102.


Package hyperref Warning: Token not allowed in a PDF string (Unicode):
(hyperref)                removing `math shift' on input line 102.


Overfull \hbox (21.63336pt too wide) detected at line 111
[][][]\OML/cmm/m/it/12 C[] \OT1/cmr/m/n/12 = [] [] = [] [] = [](6[]87\OML/cmm/m
/it/12 ;  \OT1/cmr/m/n/12 1[]83) = []
 []


LaTeX Warning: Command \textdegree invalid in math mode on input line 127.


LaTeX Warning: Command \textdegree invalid in math mode on input line 127.

Missing character: There is no ° in font cmr12!
[58]

LaTeX Warning: Command \textdegree invalid in math mode on input line 131.


LaTeX Warning: Command \textdegree invalid in math mode on input line 131.


LaTeX Warning: Command \textdegree invalid in math mode on input line 131.


LaTeX Warning: Command \textdegree invalid in math mode on input line 131.

Missing character: There is no ° in font cmr12!
Missing character: There is no ° in font cmr12!

LaTeX Warning: Command \textdegree invalid in math mode on input line 132.


LaTeX Warning: Command \textdegree invalid in math mode on input line 132.

Missing character: There is no ° in font cmr12!

Underfull \hbox (badness 10000) in paragraph at lines 174--174
[]|\T1/phv/b/n/12 (+20) Mode de Dé-
 []


Underfull \hbox (badness 4156) in paragraph at lines 174--174
[]|\T1/phv/b/n/12 (+20) Action Cor-rec-
 []


Underfull \hbox (badness 1184) in paragraph at lines 174--174
[]|\T1/phv/m/n/12 (+20) Arręt pro-duc-tion +
 []


Underfull \hbox (badness 10000) in paragraph at lines 174--174
[]|\T1/phv/m/n/12 (+20) Fusible en
 []


Underfull \hbox (badness 1546) in paragraph at lines 174--174
[]|\T1/phv/m/n/12 (+20) Graissage men-
 []


Underfull \hbox (badness 1210) in paragraph at lines 174--174
[]|\T1/phv/m/n/12 (+20) Déconnexion UDP
 []


Underfull \hbox (badness 10000) in paragraph at lines 174--174
[]|\T1/phv/m/n/12 (+20) Interruption par-
 []


Underfull \hbox (badness 1320) in paragraph at lines 174--174
[]|\T1/phv/m/n/12 (+20) Keep-Alive + ti-
 []


LaTeX Warning: Command \textdegree invalid in math mode on input line 174.


LaTeX Warning: Command \textdegree invalid in math mode on input line 174.

Missing character: There is no ° in font cmr12!

Underfull \hbox (badness 1168) in paragraph at lines 174--174
[]|\T1/phv/m/n/12 (+20) Surtension en-trant
 []


Underfull \hbox (badness 10000) in paragraph at lines 174--174
[]|\T1/phv/m/n/12 (+20) Contact collé /
 []


Underfull \hbox (badness 10000) in paragraph at lines 174--174
[]|\T1/phv/m/n/12 (+20) Ressort cassé
 []


Underfull \hbox (badness 10000) in paragraph at lines 174--174
\T1/phv/m/n/12 (+20) (contact tou-jours
 []


Underfull \hbox (badness 10000) in paragraph at lines 174--174
[]|\T1/phv/m/n/12 (+20) Test tri-mes-triel
 []


Underfull \hbox (badness 10000) in paragraph at lines 174--174
[]|\T1/phv/m/n/12 (+20) Inspection aux
 []


Underfull \hbox (badness 10000) in paragraph at lines 254--254
[]|\T1/phv/b/n/12 (+20) Coűt
 []


Underfull \hbox (badness 10000) in paragraph at lines 254--254
[]|\T1/phv/b/n/12 (+20) Rapport Fonc-
 []


Underfull \hbox (badness 3323) in paragraph at lines 258--259
[]|$\OMS/cmsy/m/n/12 ^^@\OT1/cmr/m/n/12 (+20) 6 478 500$ \T1/phv/m/n/12 (+20) F
CFA
 []


Underfull \hbox (badness 3039) in paragraph at lines 260--260
[]|\T1/phv/m/n/12 (+20) Haas UMC-350 (Im-
 []


Underfull \hbox (badness 10000) in paragraph at lines 260--260
[]|$\OMS/cmsy/m/n/12 ^^Y
 []

[59] [60] [61]) [62]
\openout2 = `99_backmatter.aux'.

 (99_backmatter.tex [63




]
Annexe A.

Overfull \hbox (115.02705pt too wide) in paragraph at lines 51--51
[]\T1/cmtt/m/n/12 void plan_buffer_line(float x, float y, float z, float a, flo
at b, float feed_rate) {[] 
 []


Overfull \hbox (40.94514pt too wide) in paragraph at lines 61--61
[]    \T1/cmtt/m/n/12 // Blocage si déplacement inférieur ŕ la tolérance mécani
que (0.01mm)[] 
 []


Overfull \hbox (47.11864pt too wide) in paragraph at lines 67--67
[]    \T1/cmtt/m/n/12 // Détection d'angle aigu (Jonction) entre l'ancien bloc 
et le nouveau[] 
 []


Overfull \hbox (59.46562pt too wide) in paragraph at lines 68--68
[]    \T1/cmtt/m/n/12 float junction_cos_theta = calculate_junction_deviation(p
revious_vector,[] 
 []


Overfull \hbox (59.46562pt too wide) in paragraph at lines 69--69
[]                                                            \T1/cmtt/m/n/12 c
urrent_vector);[] 
 []


Overfull \hbox (40.94514pt too wide) in paragraph at lines 73--73
[]                                   \T1/cmtt/m/n/12 sqrt(JUNCTION_DEVIATION * 
acceleration[] 
 []

) [64

] [65]
\openout2 = `99_annexe_documentation.aux'.

 (99_annexe_documentation.tex
pdfTeX warning (ext4): destination with the same identifier (name{appendix.A}) 
has been already used, duplicate ignored
<to be read again> 
                   \relax 
l.2 \chapter{Annexes Techniques et Documentation}
                                                 
Annexe A.

pdfTeX warning (ext4): destination with the same identifier (name{section.A.1})
 has been already used, duplicate ignored
<to be read again> 
                   \relax 
l.5 ...€” Code Source CommentĂ© du Firmware ESP32}
                                                  
LaTeX Font Info:    Font shape `T1/cmtt/bx/n' in size <14.4> not available
(Font)              Font shape `T1/cmtt/m/n' tried instead on input line 7.

Overfull \hbox (28.59816pt too wide) in paragraph at lines 13--13
[] \T1/cmtt/m/n/12 * @brief Firmware CNC 5-axes pour ESP32 (configuration Trunn
ion Table)[] 
 []


Overfull \hbox (10.07768pt too wide) in paragraph at lines 16--16
[] \T1/cmtt/m/n/12 * @hardware ESP32-WROOM-32U, DM556 x5, NEMA17 x5, MeanWell 3
6V/350W[] 
 []


Overfull \hbox (10.07768pt too wide) in paragraph at lines 19--19
[] \T1/cmtt/m/n/12 *   - Core 0: Réseau Wi-Fi (UDP), parsing JSON, cinématique 
inverse[] 
 []


Overfull \hbox (28.59816pt too wide) in paragraph at lines 34--34
[]\T1/cmtt/m/n/12 const char* WIFI_PASS = "cnc12345";    // Réseau AP propre ŕ 
la machine[] 
 []


Overfull \hbox (71.8126pt too wide) in paragraph at lines 106--106
[]    \T1/cmtt/m/n/12 xTaskCreatePinnedToCore(taskNetwork,  "NetTask",  8192, N
ULL, 1, NULL, 0);[] 
 []


Overfull \hbox (71.8126pt too wide) in paragraph at lines 107--107
[]    \T1/cmtt/m/n/12 xTaskCreatePinnedToCore(taskRealTime, "RTTask",   4096, N
ULL, 5, NULL, 1);[] 
 []

[66




]
Overfull \vbox (1194.82149pt too high) has occurred while \output is active []


[67]
Overfull \hbox (12.86368pt too wide) in paragraph at lines 116--116
|[]\T1/phv/b/n/14.4 (-20) A.1.2 ^^V Al-go-rithme de Ci-né-ma-tique In-verse : \
T1/cmtt/m/n/14.4 InvKinematics.cpp| 
 []

Package microtype Info: Loading generic protrusion settings for font family
(microtype)             `cmtt' (encoding: TS1).
(microtype)             For optimal results, create family-specific settings.
(microtype)             See the microtype manual for details.

Overfull \hbox (10.07768pt too wide) in paragraph at lines 132--132
[] \T1/cmtt/m/n/12 *   x_m = x_w   - dY * (-sin(B_rad)) // Projection X par rot
ation B[] 
 []


Overfull \hbox (10.07768pt too wide) in paragraph at lines 136--136
[]\T1/cmtt/m/n/12 MotorPositions InvKinematics::solve(float x_w, float y_w, flo
at z_w,[] 
 []

[68]
Overfull \vbox (113.48756pt too high) has occurred while \output is active []


[69] [70]
Overfull \vbox (619.6124pt too high) has occurred while \output is active []


[71]

LaTeX Warning: Command \textdegree invalid in math mode on input line 281.


LaTeX Warning: Command \textdegree invalid in math mode on input line 281.

Missing character: There is no ° in font cmr12!

LaTeX Warning: Command \textdegree invalid in math mode on input line 281.


LaTeX Warning: Command \textdegree invalid in math mode on input line 281.

Missing character: There is no ° in font cmr12!

LaTeX Warning: Command \textdegree invalid in math mode on input line 316.


LaTeX Warning: Command \textdegree invalid in math mode on input line 316.

Missing character: There is no ° in font cmr12!

LaTeX Warning: Command \textdegree invalid in math mode on input line 341.


LaTeX Warning: Command \textdegree invalid in math mode on input line 341.

Missing character: There is no ° in font cmr12!
[72] [73] [74]
Underfull \hbox (badness 10000) in paragraph at lines 434--434
[]|\T1/phv/m/n/12 (+20) Avant
 []


Underfull \hbox (badness 10000) in paragraph at lines 434--434
\T1/phv/m/n/12 (+20) chaque
 []


Underfull \hbox (badness 2582) in paragraph at lines 434--434
[]|\T1/phv/m/n/12 (+20) Inspection vi-suelle des
 []


Underfull \hbox (badness 10000) in paragraph at lines 436--436
[]|\T1/phv/m/n/12 (+20) Avant
 []


Underfull \hbox (badness 10000) in paragraph at lines 436--436
\T1/phv/m/n/12 (+20) chaque
 []


Underfull \hbox (badness 2213) in paragraph at lines 436--436
[]|\T1/phv/m/n/12 (+20) Vis de ser-rage
 []


Overfull \hbox (10.66896pt too wide) in paragraph at lines 438--438
[]|\T1/phv/m/n/12 (-20) Hebdomadaire| 
 []


Underfull \hbox (badness 10000) in paragraph at lines 440--440
[]|\T1/phv/m/n/12 (+20) Graissage des rails
 []


Underfull \hbox (badness 10000) in paragraph at lines 446--446
[]|\T1/phv/m/n/12 (+20) Entraînements
 []


Underfull \hbox (badness 10000) in paragraph at lines 448--448
[]|\T1/phv/m/n/12 (+20) Recalibration com-plčte
 []


Underfull \hbox (badness 10000) in paragraph at lines 450--450
[]|\T1/phv/m/n/12 (+20) Entraînements
 []


Underfull \hbox (badness 7667) in paragraph at lines 450--451
[]|\T1/phv/m/n/12 (+20) Courroie GT2-6mm
 []


Underfull \hbox (badness 10000) in paragraph at lines 452--452
[]|\T1/phv/m/n/12 (+20) Remplacement joints
 []

) [75] (main.aux (00_resume_abstract.aux) (00_dedicaces_remerciements.aux)
(00_frontmatter.aux) (chap1_introduction.aux) (chap2_revue_litterature.aux)
(chap3_conception_mec.aux) (chap4_realisation_mecatro.aux)
(chap5_developpement_logiciel.aux) (chap6_tests_conclusion.aux)
(99_backmatter.aux) (99_annexe_documentation.aux))
 ***********
LaTeX2e <2025-11-01>
L3 programming layer <2025-12-24>
 ***********
Package rerunfilecheck Info: File `main.out' has not changed.
(rerunfilecheck)             Checksum: F26AA940461F56E7E7310264BE2B19E7;39057.
 ) 
Here is how much of TeX's memory you used:
 71388 strings out of 467871
 1801219 string characters out of 5415957
 2688142 words of memory out of 5000000
 98442 multiletter control sequences out of 15000+600000
 716749 words of font info for 490 fonts, out of 8000000 for 9000
 1141 hyphenation exceptions out of 8191
 84i,19n,104p,1332b,2455s stack positions out of 10000i,1000n,20000p,200000b,200000s
 <C:\Users\PROFESSEUR\AppData\Local\MiKTeX\fonts/pk/ljfour/jknappen/ec/dpi600
\tctt1200.pk> <C:\Users\PROFESSEUR\AppData\Local\MiKTeX\fonts/pk/ljfour/jknappe
n/ec/dpi600\ectt1440.pk> <C:\Users\PROFESSEUR\AppData\Local\MiKTeX\fonts/pk/ljf
our/jknappen/ec/dpi600\ectt1000.pk> <C:\Users\PROFESSEUR\AppData\Local\MiKTeX\f
onts/pk/ljfour/jknappen/ec/dpi600\ectt1095.pk> <C:\Users\PROFESSEUR\AppData\Loc
al\MiKTeX\fonts/pk/ljfour/jknappen/ec/dpi600\tcss1200.pk> <C:\Users\PROFESSEUR\
AppData\Local\MiKTeX\fonts/pk/ljfour/jknappen/ec/dpi600\ectt1200.pk><C:/Users/P
ROFESSEUR/AppData/Local/Programs/MiKTeX/fonts/type1/public/amsfonts/cm/cmbsy10.
pfb><C:/Users/PROFESSEUR/AppData/Local/Programs/MiKTeX/fonts/type1/public/amsfo
nts/cm/cmbx12.pfb><C:/Users/PROFESSEUR/AppData/Local/Programs/MiKTeX/fonts/type
1/public/amsfonts/cm/cmbx8.pfb><C:/Users/PROFESSEUR/AppData/Local/Programs/MiKT
eX/fonts/type1/public/amsfonts/cm/cmex10.pfb><C:/Users/PROFESSEUR/AppData/Local
/Programs/MiKTeX/fonts/type1/public/amsfonts/cm/cmmi10.pfb><C:/Users/PROFESSEUR
/AppData/Local/Programs/MiKTeX/fonts/type1/public/amsfonts/cm/cmmi12.pfb><C:/Us
ers/PROFESSEUR/AppData/Local/Programs/MiKTeX/fonts/type1/public/amsfonts/cm/cmm
i7.pfb><C:/Users/PROFESSEUR/AppData/Local/Programs/MiKTeX/fonts/type1/public/am
sfonts/cm/cmmi8.pfb><C:/Users/PROFESSEUR/AppData/Local/Programs/MiKTeX/fonts/ty
pe1/public/amsfonts/cm/cmmib10.pfb><C:/Users/PROFESSEUR/AppData/Local/Programs/
MiKTeX/fonts/type1/public/amsfonts/cm/cmr10.pfb><C:/Users/PROFESSEUR/AppData/Lo
cal/Programs/MiKTeX/fonts/type1/public/amsfonts/cm/cmr12.pfb><C:/Users/PROFESSE
UR/AppData/Local/Programs/MiKTeX/fonts/type1/public/amsfonts/cm/cmr8.pfb><C:/Us
ers/PROFESSEUR/AppData/Local/Programs/MiKTeX/fonts/type1/public/amsfonts/cm/cms
y10.pfb><C:/Users/PROFESSEUR/AppData/Local/Programs/MiKTeX/fonts/type1/public/a
msfonts/cm/cmsy8.pfb><C:/Users/PROFESSEUR/AppData/Local/Programs/MiKTeX/fonts/t
ype1/public/amsfonts/symbols/msam10.pfb><C:/Users/PROFESSEUR/AppData/Local/Prog
rams/MiKTeX/fonts/type1/public/amsfonts/symbols/msam7.pfb><C:/Users/PROFESSEUR/
AppData/Local/Programs/MiKTeX/fonts/type1/public/amsfonts/symbols/msbm10.pfb><C
:/Users/PROFESSEUR/AppData/Local/Programs/MiKTeX/fonts/type1/urw/helvetic/uhvb8
a.pfb><C:/Users/PROFESSEUR/AppData/Local/Programs/MiKTeX/fonts/type1/urw/helvet
ic/uhvr8a.pfb><C:/Users/PROFESSEUR/AppData/Local/Programs/MiKTeX/fonts/type1/ur
w/helvetic/uhvro8a.pfb>
Output written on main.pdf (75 pages, 2482946 bytes).
PDF statistics:
 1597 PDF objects out of 1728 (max. 8388607)
 333 named destinations out of 1000 (max. 500000)
 115381 words of extra memory for PDF output out of 128383 (max. 10000000)

